#
# A fatal error has been detected by the Java Runtime Environment:
#
#  EXCEPTION_ACCESS_VIOLATION (0xc0000005) at pc=0x00007ffbde003f46, pid=12872, tid=13136
#
# JRE version: Java(TM) SE Runtime Environment (18.0.1.1+2) (build 18.0.1.1+2-6)
# Java VM: Java HotSpot(TM) 64-Bit Server VM (18.0.1.1+2-6, mixed mode, emulated-client, sharing, tiered, compressed oops, compressed class ptrs, g1 gc, windows-amd64)
# Problematic frame:
# V  [jvm.dll+0x323f46]
#
# No core dump will be written. Minidumps are not enabled by default on client versions of Windows
#
# If you would like to submit a bug report, please visit:
#   https://bugreport.java.com/bugreport/crash.jsp
#

---------------  S U M M A R Y ------------

Command Line: -XX:+ShowCodeDetailsInExceptionMessages -agentlib:jdwp=transport=dt_socket,suspend=y,address=localhost:51418 -Dcom.sun.management.jmxremote -Dcom.sun.management.jmxremote.port=51416 -Dcom.sun.management.jmxremote.authenticate=false -Dcom.sun.management.jmxremote.ssl=false -Djava.rmi.server.hostname=localhost -Dspring.jmx.enabled=true -Dspring.application.admin.enabled=true -XX:TieredStopAtLevel=1 -Dspring.boot.project.name=fgocalculation -javaagent:C:\Users\pokem\eclipse\jee-2022-062\eclipse\configuration\org.eclipse.osgi\407\0\.cp\lib\javaagent-shaded.jar -Dfile.encoding=UTF-8 com.example.fgocalculation.FgocalculationApplication

Host: AMD Ryzen 5 5600X 6-Core Processor             , 12 cores, 15G,  Windows 10 , 64 bit Build 19041 (10.0.19041.2251)
Time: Fri Nov 25 23:23:56 2022  Windows 10 , 64 bit Build 19041 (10.0.19041.2251) elapsed time: 36348.256748 seconds (0d 10h 5m 48s)

---------------  T H R E A D  ---------------

Current thread (0x000002a8ff73e2b0):  WorkerThread "GC Thread#4" [stack: 0x000000db9fa00000,0x000000db9fb00000] [id=13136]

Stack: [0x000000db9fa00000,0x000000db9fb00000],  sp=0x000000db9fafe1a0,  free space=1016k
Native frames: (J=compiled Java code, j=interpreted, Vv=VM code, C=native code)
V  [jvm.dll+0x323f46]
V  [jvm.dll+0x335a1d]
V  [jvm.dll+0x2e602b]
V  [jvm.dll+0x2e5ac4]
V  [jvm.dll+0x2e5a55]
V  [jvm.dll+0x7a40e6]
V  [jvm.dll+0x7a3f79]
V  [jvm.dll+0x7a4550]
V  [jvm.dll+0x33624c]
V  [jvm.dll+0x3360e5]
V  [jvm.dll+0x33e704]
V  [jvm.dll+0x33e87b]
V  [jvm.dll+0x81fae4]
V  [jvm.dll+0x7a03ea]
V  [jvm.dll+0x697725]
C  [ucrtbase.dll+0x21bb2]
C  [KERNEL32.DLL+0x174b4]
C  [ntdll.dll+0x526a1]

JavaThread 0x000002a88257e470 (nid = 18668) was being processed
Java frames: (J=compiled Java code, j=interpreted, Vv=VM code)
j  java.lang.invoke.DirectMethodHandle$Holder.newInvokeSpecial(Ljava/lang/Object;)Ljava/lang/Object;+15 java.base@18.0.1.1
J 1812 c1 jdk.internal.reflect.DirectConstructorHandleAccessor.newInstance([Ljava/lang/Object;)Ljava/lang/Object; java.base@18.0.1.1 (148 bytes) @ 0x000002a8eb7e273c [0x000002a8eb7e2260+0x00000000000004dc]
J 1811 c1 java.lang.reflect.Constructor.newInstanceWithCaller([Ljava/lang/Object;ZLjava/lang/Class;)Ljava/lang/Object; java.base@18.0.1.1 (51 bytes) @ 0x000002a8eb7dfb7c [0x000002a8eb7dfac0+0x00000000000000bc]
J 3314 c1 org.springframework.beans.BeanUtils.instantiateClass(Ljava/lang/reflect/Constructor;[Ljava/lang/Object;)Ljava/lang/Object; (187 bytes) @ 0x000002a8eba9dc5c [0x000002a8eba9d840+0x000000000000041c]
J 7842 c1 org.springframework.beans.factory.support.SimpleInstantiationStrategy.instantiate(Lorg/springframework/beans/factory/support/RootBeanDefinition;Ljava/lang/String;Lorg/springframework/beans/factory/BeanFactory;)Ljava/lang/Object; (152 bytes) @ 0x000002a8ec2cccfc [0x000002a8ec2cc880+0x000000000000047c]
J 7841 c1 org.springframework.beans.factory.support.AbstractAutowireCapableBeanFactory.instantiateBean(Ljava/lang/String;Lorg/springframework/beans/factory/support/RootBeanDefinition;)Lorg/springframework/beans/BeanWrapper; (75 bytes) @ 0x000002a8ec2cbd44 [0x000002a8ec2cbca0+0x00000000000000a4]
J 6055 c1 org.springframework.beans.factory.support.AbstractAutowireCapableBeanFactory.createBeanInstance(Ljava/lang/String;Lorg/springframework/beans/factory/support/RootBeanDefinition;[Ljava/lang/Object;)Lorg/springframework/beans/BeanWrapper; (254 bytes) @ 0x000002a8ebf91234 [0x000002a8ebf90aa0+0x0000000000000794]
J 6054 c1 org.springframework.beans.factory.support.AbstractAutowireCapableBeanFactory.doCreateBean(Ljava/lang/String;Lorg/springframework/beans/factory/support/RootBeanDefinition;[Ljava/lang/Object;)Ljava/lang/Object; (507 bytes) @ 0x000002a8ebf92874 [0x000002a8ebf926e0+0x0000000000000194]
J 6053 c1 org.springframework.beans.factory.support.AbstractAutowireCapableBeanFactory.createBean(Ljava/lang/String;Lorg/springframework/beans/factory/support/RootBeanDefinition;[Ljava/lang/Object;)Ljava/lang/Object; (247 bytes) @ 0x000002a8ebf8eebc [0x000002a8ebf8e820+0x000000000000069c]
J 6125 c1 org.springframework.beans.factory.support.AbstractBeanFactory$$Lambda$404+0x0000000800f113c8.getObject()Ljava/lang/Object; (20 bytes) @ 0x000002a8ebfb98ac [0x000002a8ebfb9820+0x000000000000008c]
J 6122 c1 org.springframework.beans.factory.support.DefaultSingletonBeanRegistry.getSingleton(Ljava/lang/String;Lorg/springframework/beans/factory/ObjectFactory;)Ljava/lang/Object; (297 bytes) @ 0x000002a8ebfbcea4 [0x000002a8ebfbc9e0+0x00000000000004c4]
J 3670 c1 org.springframework.beans.factory.support.AbstractBeanFactory.doGetBean(Ljava/lang/String;Ljava/lang/Class;[Ljava/lang/Object;Z)Ljava/lang/Object; (832 bytes) @ 0x000002a8ebb3cebc [0x000002a8ebb3c8a0+0x000000000000061c]
J 5691 c1 org.springframework.beans.factory.support.AbstractBeanFactory.getBean(Ljava/lang/String;)Ljava/lang/Object; (9 bytes) @ 0x000002a8ebe98604 [0x000002a8ebe985a0+0x0000000000000064]
j  org.springframework.beans.factory.support.DefaultListableBeanFactory.preInstantiateSingletons()V+248
j  org.springframework.context.support.AbstractApplicationContext.finishBeanFactoryInitialization(Lorg/springframework/beans/factory/config/ConfigurableListableBeanFactory;)V+124
j  org.springframework.context.support.AbstractApplicationContext.refresh()V+86
j  org.springframework.boot.web.servlet.context.ServletWebServerApplicationContext.refresh()V+1
j  org.springframework.boot.SpringApplication.refresh(Lorg/springframework/context/ConfigurableApplicationContext;)V+1
j  org.springframework.boot.SpringApplication.refreshContext(Lorg/springframework/context/ConfigurableApplicationContext;)V+16
j  org.springframework.boot.SpringApplication.run([Ljava/lang/String;)Lorg/springframework/context/ConfigurableApplicationContext;+107
j  org.springframework.boot.SpringApplication.run([Ljava/lang/Class;[Ljava/lang/String;)Lorg/springframework/context/ConfigurableApplicationContext;+9
j  org.springframework.boot.SpringApplication.run(Ljava/lang/Class;[Ljava/lang/String;)Lorg/springframework/context/ConfigurableApplicationContext;+9
j  com.example.fgocalculation.FgocalculationApplication.main([Ljava/lang/String;)V+3
J 10234 c1 java.lang.invoke.LambdaForm$DMH+0x0000000800c06000.invokeStatic(Ljava/lang/Object;Ljava/lang/Object;)V java.base@18.0.1.1 (14 bytes) @ 0x000002a8ec3c84a4 [0x000002a8ec3c8440+0x0000000000000064]
j  java.lang.invoke.LambdaForm$MH+0x00000008016ab000.invoke(Ljava/lang/Object;Ljava/lang/Object;Ljava/lang/Object;)Ljava/lang/Object;+33 java.base@18.0.1.1
J 3075 c1 java.lang.reflect.Method.invoke(Ljava/lang/Object;[Ljava/lang/Object;)Ljava/lang/Object; java.base@18.0.1.1 (108 bytes) @ 0x000002a8eba1882c [0x000002a8eba17dc0+0x0000000000000a6c]
j  org.springframework.boot.devtools.restart.RestartLauncher.run()V+42
v  ~StubRoutines::call_stub

siginfo: EXCEPTION_ACCESS_VIOLATION (0xc0000005), reading address 0xffffffffffffffff


Register to memory mapping:

RIP=0x00007ffbde003f46 jvm.dll
RAX=0x6c2f6176616a4c28 is an unknown value
RBX=0x0000000000000001 is an unknown value
RCX=0x0000000000000001 is an unknown value
RDX=0x000000000006dd03 is an unknown value
RSP=0x000000db9fafe1a0 points into unknown readable memory: 0x0000000000000000 | 00 00 00 00 00 00 00 00
RBP=0x0000000000000004 is an unknown value
RSI=0x000000dba06fd6a0 is pointing into the stack for thread: 0x000002a88257e470
RDI=0x000000dba06fd6a0 is pointing into the stack for thread: 0x000002a88257e470
R8 =0x000000dba06fd6a0 is pointing into the stack for thread: 0x000002a88257e470
R9 =0x000000000dbd9800 is an unknown value
R10=0x0 is NULL
R11=0x000000db9fafe3e8 points into unknown readable memory: 0x00007ffbddfc5ac4 | c4 5a fc dd fb 7f 00 00
R12=0x000000000dbd9800 is an unknown value
R13=0x00000008006decaf is pointing into metadata
R14=0x000000dba06fd6a0 is pointing into the stack for thread: 0x000002a88257e470
R15=0x000002a8825a12e0 points into unknown readable memory: 0x00007ffbde603e00 | 00 3e 60 de fb 7f 00 00


Registers:
RAX=0x6c2f6176616a4c28, RBX=0x0000000000000001, RCX=0x0000000000000001, RDX=0x000000000006dd03
RSP=0x000000db9fafe1a0, RBP=0x0000000000000004, RSI=0x000000dba06fd6a0, RDI=0x000000dba06fd6a0
R8 =0x000000dba06fd6a0, R9 =0x000000000dbd9800, R10=0x0000000000000000, R11=0x000000db9fafe3e8
R12=0x000000000dbd9800, R13=0x00000008006decaf, R14=0x000000dba06fd6a0, R15=0x000002a8825a12e0
RIP=0x00007ffbde003f46, EFLAGS=0x0000000000010216

Top of Stack: (sp=0x000000db9fafe1a0)
0x000000db9fafe1a0:   0000000000000000 000002a8ff7f3aa0
0x000000db9fafe1b0:   000000000000015f 00007ffbde3679b8
0x000000db9fafe1c0:   000000000000015f 00007ffbddfd6721
0x000000db9fafe1d0:   6c2f6176616a4c28 00007ffbde3f1120
0x000000db9fafe1e0:   000000dba06fd6a0 0000000000000000
0x000000db9fafe1f0:   000002a8809c6f88 0000000000000003
0x000000db9fafe200:   0000000000000003 000002a8ff734d60
0x000000db9fafe210:   0000000000000000 000000dba06fd6a0
0x000000db9fafe220:   000000dba06fd6a0 000000db9fafe370
0x000000db9fafe230:   000002a8809c6f88 00007ffbde015a1d
0x000000db9fafe240:   000000db9faf0000 000000db9faf0100
0x000000db9fafe250:   0000000800440068 000000dba06fd6a0
0x000000db9fafe260:   000002a8809c6f88 00007ffbddfc602b
0x000000db9fafe270:   0000000000000001 000000db9fafe530
0x000000db9fafe280:   000002a8809c6f88 000000db9fafe530
0x000000db9fafe290:   0000000000000001 00000008000c8c30 

Instructions: (pc=0x00007ffbde003f46)
0x00007ffbde003e46:   c3 48 8b 5c 24 40 48 8b 6c 24 48 48 8b 74 24 50
0x00007ffbde003e56:   48 83 c4 20 41 5f 41 5e 5f c3 40 53 55 56 57 41
0x00007ffbde003e66:   54 41 55 41 56 41 57 48 83 ec 58 80 3d 71 ec 80
0x00007ffbde003e76:   00 00 49 8b f9 4d 8b f0 0f b7 da 4c 8b f9 74 16
0x00007ffbde003e86:   45 8b 68 08 8b 0d 20 ab 79 00 49 d3 e5 4c 03 2d
0x00007ffbde003e96:   0e ab 79 00 eb 04 4d 8b 68 08 49 8b d5 49 8b ce
0x00007ffbde003ea6:   e8 95 0e ea ff 4c 8b e0 48 89 bc 24 b8 00 00 00
0x00007ffbde003eb6:   33 c0 8b e8 0f b7 c3 66 c1 e8 08 66 89 84 24 a0
0x00007ffbde003ec6:   00 00 00 84 c0 75 3f 40 0f b6 cf f6 d1 f6 c1 01
0x00007ffbde003ed6:   75 05 48 8b ef eb 15 48 8d 54 24 40 48 8d 8c 24
0x00007ffbde003ee6:   b8 00 00 00 e8 b1 03 30 00 48 8b 28 48 c1 ed 03
0x00007ffbde003ef6:   83 e5 0f 41 3b af 78 01 00 00 73 0a 66 89 9c 24
0x00007ffbde003f06:   a8 00 00 00 eb 12 66 c7 84 24 a8 00 00 00 00 01
0x00007ffbde003f16:   0f b7 9c 24 a8 00 00 00 49 8b 47 08 49 8b d6 66
0x00007ffbde003f26:   c1 eb 08 8b 88 48 02 00 00 48 8b 80 38 02 00 00
0x00007ffbde003f36:   48 d3 ea 48 0f be cb 48 8b 04 d0 48 89 44 24 30
0x00007ffbde003f46:   44 8b 80 b0 00 00 00 49 8b 47 70 44 89 84 24 b0
0x00007ffbde003f56:   00 00 00 48 8b 54 c8 10 84 db 75 04 4a 8d 14 c2
0x00007ffbde003f66:   48 8b 0a 48 8b 71 38 48 8b 41 40 48 2b c6 48 c1
0x00007ffbde003f76:   e8 03 49 3b c4 72 0d 4a 8d 04 e6 48 89 41 38 48
0x00007ffbde003f86:   85 f6 75 3d 44 89 44 24 28 48 8d 94 24 a8 00 00
0x00007ffbde003f96:   00 4d 8b c6 89 6c 24 20 4d 8b cc 49 8b cf e8 87
0x00007ffbde003fa6:   fa ff ff 48 8b f0 48 85 c0 75 16 4d 8b cc 4c 8b
0x00007ffbde003fb6:   c7 49 8b d6 49 8b cf e8 3e 07 00 00 e9 69 03 00
0x00007ffbde003fc6:   00 48 8d 0d 32 c0 cd ff 49 83 fc 08 77 4d 42 8b
0x00007ffbde003fd6:   84 a1 44 43 32 00 48 03 c1 ff e0 49 8b 46 38 48
0x00007ffbde003fe6:   89 46 38 49 8b 46 30 48 89 46 30 49 8b 46 28 48
0x00007ffbde003ff6:   89 46 28 49 8b 46 20 48 89 46 20 49 8b 46 18 48
0x00007ffbde004006:   89 46 18 49 8b 46 10 48 89 46 10 49 8b 46 08 48
0x00007ffbde004016:   89 46 08 49 8b 06 48 89 06 eb 13 4e 8d 04 e5 00
0x00007ffbde004026:   00 00 00 49 8b d6 48 8b ce e8 3c b1 52 00 48 8b
0x00007ffbde004036:   ce 48 8b c7 48 83 c9 03 f0 49 0f b1 0e 48 8b d8 


Stack slot to memory mapping:
stack at sp + 0 slots: 0x0 is NULL
stack at sp + 1 slots: 0x000002a8ff7f3aa0 points into unknown readable memory: 0x000002a8e391c810 | 10 c8 91 e3 a8 02 00 00
stack at sp + 2 slots: 0x000000000000015f is an unknown value
stack at sp + 3 slots: 0x00007ffbde3679b8 jvm.dll
stack at sp + 4 slots: 0x000000000000015f is an unknown value
stack at sp + 5 slots: 0x00007ffbddfd6721 jvm.dll
stack at sp + 6 slots: 0x6c2f6176616a4c28 is an unknown value
stack at sp + 7 slots: 0x00007ffbde3f1120 jvm.dll


---------------  P R O C E S S  ---------------

Threads class SMR info:
_java_thread_list=0x000002a881f47f30, length=38, elements={
0x000002a8f7f16190, 0x000002a8f7f17bf0, 0x000002a8f7f37390, 0x000002a8f7f386a0,
0x000002a8f7f39090, 0x000002a8f7f40420, 0x000002a8f7f415b0, 0x000002a8f7f42780,
0x000002a8f7f012b0, 0x000002a8fed296c0, 0x000002a8fed2a360, 0x000002a8fed2aa30,
0x000002a8ff5f52e0, 0x000002a8ff6967f0, 0x000002a8ff6e9930, 0x000002a8ff702170,
0x000002a880158510, 0x000002a8ff69a180, 0x000002a8820e4f00, 0x000002a8820e4a30,
0x000002a8820de050, 0x000002a8820e23b0, 0x000002a8820e53d0, 0x000002a8ff69ab20,
0x000002a8ff69b4c0, 0x000002a882580150, 0x000002a882580620, 0x000002a8825844b0,
0x000002a88257e940, 0x000002a88257ee10, 0x000002a88257f2e0, 0x000002a88257dfa0,
0x000002a88257dad0, 0x000002a88257e470, 0x000002a882583170, 0x000002a88257f7b0,
0x000002a88257cc60, 0x000002a882580af0
}

Java Threads: ( => current thread )
  0x000002a8f7f16190 JavaThread "Reference Handler" daemon [_thread_blocked, id=14816, stack(0x000000db9e300000,0x000000db9e400000)]
  0x000002a8f7f17bf0 JavaThread "Finalizer" daemon [_thread_blocked, id=15772, stack(0x000000db9e400000,0x000000db9e500000)]
  0x000002a8f7f37390 JavaThread "Signal Dispatcher" daemon [_thread_blocked, id=1136, stack(0x000000db9e500000,0x000000db9e600000)]
  0x000002a8f7f386a0 JavaThread "Attach Listener" daemon [_thread_blocked, id=15340, stack(0x000000db9e600000,0x000000db9e700000)]
  0x000002a8f7f39090 JavaThread "Service Thread" daemon [_thread_blocked, id=15572, stack(0x000000db9e700000,0x000000db9e800000)]
  0x000002a8f7f40420 JavaThread "Monitor Deflation Thread" daemon [_thread_blocked, id=9860, stack(0x000000db9e800000,0x000000db9e900000)]
  0x000002a8f7f415b0 JavaThread "C1 CompilerThread0" daemon [_thread_blocked, id=14244, stack(0x000000db9e900000,0x000000db9ea00000)]
  0x000002a8f7f42780 JavaThread "Sweeper thread" daemon [_thread_blocked, id=16344, stack(0x000000db9ea00000,0x000000db9eb00000)]
  0x000002a8f7f012b0 JavaThread "Common-Cleaner" daemon [_thread_blocked, id=16056, stack(0x000000db9eb00000,0x000000db9ec00000)]
  0x000002a8fed296c0 JavaThread "JDWP Transport Listener: dt_socket" daemon [_thread_blocked, id=6136, stack(0x000000db9ee00000,0x000000db9ef00000)]
  0x000002a8fed2a360 JavaThread "JDWP Event Helper Thread" daemon [_thread_blocked, id=10852, stack(0x000000db9ef00000,0x000000db9f000000)]
  0x000002a8fed2aa30 JavaThread "JDWP Command Reader" daemon [_thread_in_native, id=6056, stack(0x000000db9f000000,0x000000db9f100000)]
  0x000002a8ff5f52e0 JavaThread "Notification Thread" daemon [_thread_blocked, id=14788, stack(0x000000db9f200000,0x000000db9f300000)]
  0x000002a8ff6967f0 JavaThread "RMI TCP Accept-0" daemon [_thread_in_native, id=13000, stack(0x000000db9f300000,0x000000db9f400000)]
  0x000002a8ff6e9930 JavaThread "RMI TCP Accept-51416" daemon [_thread_in_native, id=4392, stack(0x000000db9f400000,0x000000db9f500000)]
  0x000002a8ff702170 JavaThread "RMI TCP Accept-0" daemon [_thread_in_native, id=6500, stack(0x000000db9f500000,0x000000db9f600000)]
  0x000002a880158510 JavaThread "RMI Scheduler(0)" daemon [_thread_blocked, id=7884, stack(0x000000dba0500000,0x000000dba0600000)]
  0x000002a8ff69a180 JavaThread "Live Reload Server" daemon [_thread_in_native, id=16192, stack(0x000000dba1200000,0x000000dba1300000)]
  0x000002a8820e4f00 JavaThread "DestroyJavaVM" [_thread_blocked, id=6512, stack(0x000000db9dc00000,0x000000db9dd00000)]
  0x000002a8820e4a30 JavaThread "File Watcher" daemon [_thread_blocked, id=2684, stack(0x000000db9ed00000,0x000000db9ee00000)]
  0x000002a8820de050 JavaThread "File Watcher" daemon [_thread_blocked, id=10964, stack(0x000000db9d900000,0x000000db9da00000)]
  0x000002a8820e23b0 JavaThread "File Watcher" daemon [_thread_blocked, id=13316, stack(0x000000db9da00000,0x000000db9db00000)]
  0x000002a8820e53d0 JavaThread "File Watcher" daemon [_thread_blocked, id=15312, stack(0x000000db9db00000,0x000000db9dc00000)]
  0x000002a8ff69ab20 JavaThread "RMI TCP Connection(idle)" daemon [_thread_blocked, id=17516, stack(0x000000dba0200000,0x000000dba0300000)]
  0x000002a8ff69b4c0 JavaThread "JMX server connection timeout 314" daemon [_thread_blocked, id=17524, stack(0x000000dba0700000,0x000000dba0800000)]
  0x000002a882580150 JavaThread "Thread-67" [_thread_blocked, id=11768, stack(0x000000db9ec00000,0x000000db9ed00000)]
  0x000002a882580620 JavaThread "File Watcher" daemon [_thread_blocked, id=6420, stack(0x000000dba0300000,0x000000dba0400000)]
  0x000002a8825844b0 JavaThread "File Watcher" daemon [_thread_blocked, id=13276, stack(0x000000dba0400000,0x000000dba0500000)]
  0x000002a88257e940 JavaThread "File Watcher" daemon [_thread_blocked, id=17528, stack(0x000000db9f100000,0x000000db9f200000)]
  0x000002a88257ee10 JavaThread "File Watcher" daemon [_thread_blocked, id=9936, stack(0x000000dba0800000,0x000000dba0900000)]
  0x000002a88257f2e0 JavaThread "File Watcher" daemon [_thread_blocked, id=17452, stack(0x000000dba0b00000,0x000000dba0c00000)]
  0x000002a88257dfa0 JavaThread "File Watcher" daemon [_thread_blocked, id=3752, stack(0x000000dba0c00000,0x000000dba0d00000)]
  0x000002a88257dad0 JavaThread "File Watcher" daemon [_thread_blocked, id=9872, stack(0x000000dba0d00000,0x000000dba0e00000)]
  0x000002a88257e470 JavaThread "restartedMain" [_thread_blocked, id=18668, stack(0x000000dba0600000,0x000000dba0700000)]
  0x000002a882583170 JavaThread "HikariPool-26 housekeeper" daemon [_thread_blocked, id=17172, stack(0x000000dba0f00000,0x000000dba1000000)]
  0x000002a88257f7b0 JavaThread "Catalina-utility-1" [_thread_blocked, id=9864, stack(0x000000dba1000000,0x000000dba1100000)]
  0x000002a88257cc60 JavaThread "Catalina-utility-2" [_thread_blocked, id=17732, stack(0x000000dba1100000,0x000000dba1200000)]
  0x000002a882580af0 JavaThread "container-11" [_thread_blocked, id=19252, stack(0x000000dba1300000,0x000000dba1400000)]

Other Threads:
  0x000002a8e39863d0 VMThread "VM Thread" [stack: 0x000000db9e200000,0x000000db9e300000] [id=5568]
  0x000002a8ff6fc8d0 WatcherThread "VM Periodic Task Thread" [stack: 0x000000db9f600000,0x000000db9f700000] [id=11380]
  0x000002a8e3971a20 WorkerThread "GC Thread#0" [stack: 0x000000db9dd00000,0x000000db9de00000] [id=9636]
  0x000002a8ff72f690 WorkerThread "GC Thread#1" [stack: 0x000000db9f700000,0x000000db9f800000] [id=12552]
  0x000002a8ff72f930 WorkerThread "GC Thread#2" [stack: 0x000000db9f800000,0x000000db9f900000] [id=8256]
  0x000002a8ff733ff0 WorkerThread "GC Thread#3" [stack: 0x000000db9f900000,0x000000db9fa00000] [id=4844]
=>0x000002a8ff73e2b0 WorkerThread "GC Thread#4" [stack: 0x000000db9fa00000,0x000000db9fb00000] [id=13136]
  0x000002a8ff73e760 WorkerThread "GC Thread#5" [stack: 0x000000db9fb00000,0x000000db9fc00000] [id=10820]
  0x000002a8ff765320 WorkerThread "GC Thread#6" [stack: 0x000000db9fc00000,0x000000db9fd00000] [id=11500]
  0x000002a8ff7655c0 WorkerThread "GC Thread#7" [stack: 0x000000db9fd00000,0x000000db9fe00000] [id=14960]
  0x000002a8ff766070 WorkerThread "GC Thread#8" [stack: 0x000000db9fe00000,0x000000db9ff00000] [id=8820]
  0x000002a8ff767750 WorkerThread "GC Thread#9" [stack: 0x000000db9ff00000,0x000000dba0000000] [id=8140]
  0x000002a8e397ef10 ConcurrentGCThread "G1 Main Marker" [stack: 0x000000db9de00000,0x000000db9df00000] [id=12084]
  0x000002a8e397f810 WorkerThread "G1 Conc#0" [stack: 0x000000db9df00000,0x000000db9e000000] [id=15176]
  0x000002a88013c850 WorkerThread "G1 Conc#1" [stack: 0x000000dba0900000,0x000000dba0a00000] [id=10332]
  0x000002a88013caf0 WorkerThread "G1 Conc#2" [stack: 0x000000dba0a00000,0x000000dba0b00000] [id=13752]
  0x000002a8e39be340 ConcurrentGCThread "G1 Refine#0" [stack: 0x000000db9e000000,0x000000db9e100000] [id=6600]
  0x000002a8fed68bf0 ConcurrentGCThread "G1 Refine#1" [stack: 0x000000dba0000000,0x000000dba0100000] [id=6860]
  0x000002a8ff581740 ConcurrentGCThread "G1 Refine#2" [stack: 0x000000dba0100000,0x000000dba0200000] [id=5300]
  0x000002a8e39beb60 ConcurrentGCThread "G1 Service" [stack: 0x000000db9e100000,0x000000db9e200000] [id=5916]

Threads with active compile tasks:

VM state: at safepoint (normal execution)

VM Mutex/Monitor currently owned by a thread:  ([mutex/lock_event])
[0x000002a8e39041a0] Threads_lock - owner thread: 0x000002a8e39863d0
[0x000002a8e3905550] Heap_lock - owner thread: 0x000002a8820e23b0

Heap address: 0x0000000701200000, size: 4078 MB, Compressed Oops mode: Zero based, Oop shift amount: 3

CDS archive(s) mapped at: [0x0000000800000000-0x0000000800ba0000-0x0000000800ba0000), size 12189696, SharedBaseAddress: 0x0000000800000000, ArchiveRelocationMode: 0.
Compressed class space mapped at: 0x0000000800c00000-0x0000000840c00000, reserved size: 1073741824
Narrow klass base: 0x0000000800000000, Narrow klass shift: 0, Narrow klass range: 0x100000000

GC Precious Log:
 CardTable entry size: 512
 Card Set container configuration: InlinePtr #cards 4 size 8 Array Of Cards #cards 16 size 48 Howl #buckets 8 coarsen threshold 3686 Howl Bitmap #cards 512 size 80 coarsen threshold 460 Card regions per heap region 1 cards per card region 4096
 CPUs: 12 total, 12 available
 Memory: 16310M
 Large Page Support: Disabled
 NUMA Support: Disabled
 Compressed Oops: Enabled (Zero based)
 Heap Region Size: 2M
 Heap Min Capacity: 8M
 Heap Initial Capacity: 256M
 Heap Max Capacity: 4078M
 Pre-touch: Disabled
 Parallel Workers: 10
 Concurrent Workers: 3
 Concurrent Refinement Workers: 10
 Periodic GC: Disabled

Heap:
 garbage-first heap   total 122880K, used 99340K [0x0000000701200000, 0x0000000800000000)
  region size 2048K, 23 young (47104K), 1 survivors (2048K)
 Metaspace       used 76002K, committed 77248K, reserved 1179648K
  class space    used 10138K, committed 10816K, reserved 1048576K

Heap Regions: E=young(eden), S=young(survivor), O=old, HS=humongous(starts), HC=humongous(continues), CS=collection set, F=free, OA=open archive, CA=closed archive, TAMS=top-at-mark-start (previous, next)
|   0|0x0000000701200000, 0x0000000701400000, 0x0000000701400000|100%| O|  |TAMS 0x0000000701400000, 0x0000000701400000| Untracked 
|   1|0x0000000701400000, 0x00000007015fffb8, 0x0000000701600000| 99%| O|  |TAMS 0x00000007015fffb8, 0x00000007015fffb8| Untracked 
|   2|0x0000000701600000, 0x00000007017fffa8, 0x0000000701800000| 99%| O|  |TAMS 0x00000007017fffa8, 0x00000007017fffa8| Untracked 
|   3|0x0000000701800000, 0x00000007019fa980, 0x0000000701a00000| 98%| O|  |TAMS 0x00000007019fa980, 0x00000007019fa980| Untracked 
|   4|0x0000000701a00000, 0x0000000701bffff0, 0x0000000701c00000| 99%| O|  |TAMS 0x0000000701bffff0, 0x0000000701bffff0| Untracked 
|   5|0x0000000701c00000, 0x0000000701dffff0, 0x0000000701e00000| 99%| O|  |TAMS 0x0000000701dffff0, 0x0000000701dffff0| Untracked 
|   6|0x0000000701e00000, 0x0000000701fffff8, 0x0000000702000000| 99%| O|  |TAMS 0x0000000701fffff8, 0x0000000701fffff8| Untracked 
|   7|0x0000000702000000, 0x0000000702200000, 0x0000000702200000|100%| O|  |TAMS 0x0000000702200000, 0x0000000702200000| Untracked 
|   8|0x0000000702200000, 0x0000000702400000, 0x0000000702400000|100%| O|  |TAMS 0x0000000702400000, 0x0000000702400000| Untracked 
|   9|0x0000000702400000, 0x0000000702600000, 0x0000000702600000|100%| O|  |TAMS 0x0000000702600000, 0x0000000702600000| Untracked 
|  10|0x0000000702600000, 0x00000007027fffd0, 0x0000000702800000| 99%| O|  |TAMS 0x00000007027fffd0, 0x00000007027fffd0| Untracked 
|  11|0x0000000702800000, 0x00000007029ff528, 0x0000000702a00000| 99%| O|  |TAMS 0x00000007029ff528, 0x00000007029ff528| Untracked 
|  12|0x0000000702a00000, 0x0000000702bffff0, 0x0000000702c00000| 99%| O|  |TAMS 0x0000000702bffff0, 0x0000000702bffff0| Untracked 
|  13|0x0000000702c00000, 0x0000000702e00000, 0x0000000702e00000|100%| O|  |TAMS 0x0000000702e00000, 0x0000000702e00000| Untracked 
|  14|0x0000000702e00000, 0x0000000703000000, 0x0000000703000000|100%| O|  |TAMS 0x0000000703000000, 0x0000000703000000| Untracked 
|  15|0x0000000703000000, 0x0000000703200000, 0x0000000703200000|100%| O|  |TAMS 0x0000000703200000, 0x0000000703200000| Untracked 
|  16|0x0000000703200000, 0x0000000703400000, 0x0000000703400000|100%| O|  |TAMS 0x0000000703400000, 0x0000000703400000| Untracked 
|  17|0x0000000703400000, 0x0000000703600000, 0x0000000703600000|100%| O|  |TAMS 0x000000070349e200, 0x000000070349ec00| Untracked 
|  18|0x0000000703600000, 0x0000000703800000, 0x0000000703800000|100%| O|  |TAMS 0x0000000703600000, 0x0000000703600000| Untracked 
|  19|0x0000000703800000, 0x0000000703a00000, 0x0000000703a00000|100%| O|  |TAMS 0x0000000703800000, 0x0000000703800000| Untracked 
|  20|0x0000000703a00000, 0x0000000703a99480, 0x0000000703c00000| 29%| O|  |TAMS 0x0000000703a00000, 0x0000000703a00000| Untracked 
|  21|0x0000000703c00000, 0x0000000703e00000, 0x0000000703e00000|100%| O|  |TAMS 0x0000000703e00000, 0x0000000703e00000| Untracked 
|  22|0x0000000703e00000, 0x0000000704000000, 0x0000000704000000|100%| O|  |TAMS 0x0000000704000000, 0x0000000704000000| Untracked 
|  23|0x0000000704000000, 0x0000000704200000, 0x0000000704200000|100%| O|  |TAMS 0x0000000704200000, 0x0000000704200000| Untracked 
|  24|0x0000000704200000, 0x0000000704400000, 0x0000000704400000|100%| O|  |TAMS 0x0000000704400000, 0x0000000704400000| Untracked 
|  25|0x0000000704400000, 0x0000000704600000, 0x0000000704600000|100%| O|  |TAMS 0x0000000704600000, 0x0000000704600000| Untracked 
|  26|0x0000000704600000, 0x0000000704800000, 0x0000000704800000|100%| O|  |TAMS 0x0000000704800000, 0x0000000704800000| Untracked 
|  27|0x0000000704800000, 0x0000000704800000, 0x0000000704a00000|  0%| F|  |TAMS 0x0000000704800000, 0x0000000704800000| Untracked 
|  28|0x0000000704a00000, 0x0000000704a6a8c8, 0x0000000704c00000| 20%| E|CS|TAMS 0x0000000704a00000, 0x0000000704a6a8c8| Complete 
|  29|0x0000000704c00000, 0x0000000704c00000, 0x0000000704e00000|  0%| F|  |TAMS 0x0000000704c00000, 0x0000000704c00000| Untracked 
|  30|0x0000000704e00000, 0x0000000704e00000, 0x0000000705000000|  0%| F|  |TAMS 0x0000000704e00000, 0x0000000704e00000| Untracked 
|  31|0x0000000705000000, 0x0000000705200000, 0x0000000705200000|100%| E|CS|TAMS 0x0000000705000000, 0x0000000705200000| Complete 
|  32|0x0000000705200000, 0x0000000705400000, 0x0000000705400000|100%| E|CS|TAMS 0x0000000705200000, 0x0000000705400000| Complete 
|  33|0x0000000705400000, 0x0000000705600000, 0x0000000705600000|100%| E|CS|TAMS 0x0000000705400000, 0x0000000705600000| Complete 
|  34|0x0000000705600000, 0x0000000705600000, 0x0000000705800000|  0%| F|  |TAMS 0x0000000705600000, 0x0000000705600000| Untracked 
|  35|0x0000000705800000, 0x0000000705800000, 0x0000000705a00000|  0%| F|  |TAMS 0x0000000705800000, 0x0000000705800000| Untracked 
|  36|0x0000000705a00000, 0x0000000705a00000, 0x0000000705c00000|  0%| F|  |TAMS 0x0000000705a00000, 0x0000000705a00000| Untracked 
|  37|0x0000000705c00000, 0x0000000705cfe600, 0x0000000705e00000| 49%| S|  |TAMS 0x0000000705c00000, 0x0000000705c00000| Complete 
|  38|0x0000000705e00000, 0x0000000706000000, 0x0000000706000000|100%| E|CS|TAMS 0x0000000705e00000, 0x0000000706000000| Complete 
|  39|0x0000000706000000, 0x0000000706200000, 0x0000000706200000|100%| E|CS|TAMS 0x0000000706000000, 0x0000000706200000| Complete 
|  40|0x0000000706200000, 0x0000000706400000, 0x0000000706400000|100%| E|CS|TAMS 0x0000000706200000, 0x0000000706400000| Complete 
|  41|0x0000000706400000, 0x0000000706600000, 0x0000000706600000|100%| E|CS|TAMS 0x0000000706400000, 0x0000000706600000| Complete 
|  42|0x0000000706600000, 0x0000000706800000, 0x0000000706800000|100%| E|CS|TAMS 0x0000000706600000, 0x0000000706800000| Complete 
|  43|0x0000000706800000, 0x0000000706a00000, 0x0000000706a00000|100%| E|CS|TAMS 0x0000000706800000, 0x0000000706a00000| Complete 
|  44|0x0000000706a00000, 0x0000000706c00000, 0x0000000706c00000|100%| E|CS|TAMS 0x0000000706a00000, 0x0000000706c00000| Complete 
|  45|0x0000000706c00000, 0x0000000706e00000, 0x0000000706e00000|100%| E|CS|TAMS 0x0000000706c00000, 0x0000000706e00000| Complete 
|  46|0x0000000706e00000, 0x0000000707000000, 0x0000000707000000|100%| E|CS|TAMS 0x0000000706e00000, 0x0000000707000000| Complete 
|  47|0x0000000707000000, 0x0000000707200000, 0x0000000707200000|100%| E|CS|TAMS 0x0000000707000000, 0x0000000707200000| Complete 
|  48|0x0000000707200000, 0x0000000707400000, 0x0000000707400000|100%| E|CS|TAMS 0x0000000707200000, 0x0000000707400000| Complete 
|  49|0x0000000707400000, 0x0000000707600000, 0x0000000707600000|100%| E|CS|TAMS 0x0000000707400000, 0x0000000707600000| Complete 
|  50|0x0000000707600000, 0x0000000707800000, 0x0000000707800000|100%| E|CS|TAMS 0x0000000707600000, 0x0000000707800000| Complete 
|  51|0x0000000707800000, 0x0000000707a00000, 0x0000000707a00000|100%| E|CS|TAMS 0x0000000707800000, 0x0000000707a00000| Complete 
|  52|0x0000000707a00000, 0x0000000707c00000, 0x0000000707c00000|100%| E|CS|TAMS 0x0000000707a00000, 0x0000000707c00000| Complete 
|  53|0x0000000707c00000, 0x0000000707e00000, 0x0000000707e00000|100%| E|CS|TAMS 0x0000000707c00000, 0x0000000707e00000| Complete 
|  54|0x0000000707e00000, 0x0000000708000000, 0x0000000708000000|100%| E|CS|TAMS 0x0000000707e00000, 0x0000000708000000| Complete 
|  55|0x0000000708000000, 0x0000000708200000, 0x0000000708200000|100%| E|CS|TAMS 0x0000000708000000, 0x0000000708200000| Complete 
|  56|0x0000000708200000, 0x0000000708400000, 0x0000000708400000|100%| E|CS|TAMS 0x0000000708200000, 0x0000000708400000| Complete 
|  57|0x0000000708400000, 0x0000000708600000, 0x0000000708600000|100%| E|CS|TAMS 0x0000000708400000, 0x0000000708600000| Complete 
|  58|0x0000000708600000, 0x0000000708800000, 0x0000000708800000|100%| E|CS|TAMS 0x0000000708600000, 0x0000000708800000| Complete 
|  59|0x0000000708800000, 0x0000000708a00000, 0x0000000708a00000|100%| E|CS|TAMS 0x0000000708800000, 0x0000000708a00000| Complete 

Card table byte_map: [0x000002a8eed60000,0x000002a8ef560000] _byte_map_base: 0x000002a8eb557000

Marking Bits (Prev, Next): (CMBitMap*) 0x000002a8e3971f70, (CMBitMap*) 0x000002a8e3971f30
 Prev Bits: [0x000002a8f3d20000, 0x000002a8f7cd8000)
 Next Bits: [0x000002a8efd60000, 0x000002a8f3d18000)

Polling page: 0x000002a8e1660000

Metaspace:

Usage:
  Non-class:     64.32 MB used.
      Class:      9.90 MB used.
       Both:     74.22 MB used.

Virtual space:
  Non-class space:      128.00 MB reserved,      64.88 MB ( 51%) committed,  2 nodes.
      Class space:        1.00 GB reserved,      10.56 MB (  1%) committed,  1 nodes.
             Both:        1.12 GB reserved,      75.44 MB (  7%) committed. 

Chunk freelists:
   Non-Class:  3.06 MB
       Class:  1.56 MB
        Both:  4.62 MB

MaxMetaspaceSize: unlimited
CompressedClassSpaceSize: 1.00 GB
Initial GC threshold: 21.00 MB
Current GC threshold: 126.81 MB
CDS: on
MetaspaceReclaimPolicy: balanced
 - commit_granule_bytes: 65536.
 - commit_granule_words: 8192.
 - virtual_space_node_default_size: 8388608.
 - enlarge_chunks_in_place: 1.
 - new_chunks_are_fully_committed: 0.
 - uncommit_free_chunks: 1.
 - use_allocation_guard: 0.


Internal statistics:

num_allocs_failed_limit: 9.
num_arena_births: 5510.
num_arena_deaths: 4134.
num_vsnodes_births: 3.
num_vsnodes_deaths: 0.
num_space_committed: 1260.
num_space_uncommitted: 37.
num_chunks_returned_to_freelist: 5942.
num_chunks_taken_from_freelist: 10637.
num_chunk_merges: 1238.
num_chunk_splits: 4863.
num_chunks_enlarged: 3056.
num_inconsistent_stats: 0.

CodeCache: size=49152Kb used=34244Kb max_used=34806Kb free=14907Kb
 bounds [0x000002a8eb230000, 0x000002a8ed430000, 0x000002a8ee230000]
 total_blobs=17896 nmethods=16994 adapters=827
 compilation: enabled
              stopped_count=0, restarted_count=0
 full_count=0

Compilation events (20 events):
Event: 36276.711 Thread 0x000002a8870758c0 nmethod 17103 0x000002a8ed429e90 code [0x000002a8ed42a100, 0x000002a8ed42a858]
Event: 36276.711 Thread 0x000002a8870758c0 17108       1       org.postgresql.shaded.com.ongres.scram.common.ScramFunctions::serverSignature (7 bytes)
Event: 36276.711 Thread 0x000002a8f7f415b0 nmethod 17107 0x000002a8ed42ac90 code [0x000002a8ed42ae40, 0x000002a8ed42afe8]
Event: 36276.711 Thread 0x000002a8f7f415b0 17109       1       org.postgresql.core.Utils::escapeLiteral (33 bytes)
Event: 36276.711 Thread 0x000002a8870758c0 nmethod 17108 0x000002a8ed42b210 code [0x000002a8ed42b3c0, 0x000002a8ed42b538]
Event: 36276.711 Thread 0x000002a8f7f415b0 nmethod 17109 0x000002a8ed42b710 code [0x000002a8ed42b8c0, 0x000002a8ed42ba98]
Event: 36276.711 Thread 0x000002a8870758c0 17110       1       org.postgresql.jdbc.PgConnection::getBinaryOids (80 bytes)
Event: 36276.711 Thread 0x000002a8f7f415b0 17111       1       org.postgresql.core.v3.QueryExecutorImpl::setBinaryReceiveOids (21 bytes)
Event: 36276.712 Thread 0x000002a8f7f415b0 nmethod 17111 0x000002a8ed42bc10 code [0x000002a8ed42bdc0, 0x000002a8ed42bef8]
Event: 36276.712 Thread 0x000002a8f7f415b0 17112       1       org.postgresql.core.v3.QueryExecutorImpl::setBinarySendOids (21 bytes)
Event: 36276.712 Thread 0x000002a8f7f415b0 nmethod 17112 0x000002a8ed42bf90 code [0x000002a8ed42c140, 0x000002a8ed42c278]
Event: 36276.712 Thread 0x000002a8f7f415b0 17113       1       org.postgresql.jdbc.PgConnection::createTypeInfo (10 bytes)
Event: 36276.712 Thread 0x000002a8f7f415b0 nmethod 17113 0x000002a8ed42c310 code [0x000002a8ed42c4a0, 0x000002a8ed42c608]
Event: 36276.712 Thread 0x000002a8870758c0 nmethod 17110 0x000002a8ed42c710 code [0x000002a8ed42c960, 0x000002a8ed42cdd8]
Event: 36276.735 Thread 0x000002a8870758c0 17114       1       org.postgresql.util.HostSpec::equals (61 bytes)
Event: 36276.735 Thread 0x000002a8870758c0 nmethod 17114 0x000002a8ed42d190 code [0x000002a8ed42d340, 0x000002a8ed42d618]
Event: 36288.144 Thread 0x000002a8f7f415b0 17115       1       com.sun.crypto.provider.PBKDF2KeyImpl$$Lambda$815/0x0000000800ee2020::run (12 bytes)
Event: 36288.144 Thread 0x000002a8f7f415b0 nmethod 17115 0x000002a8ed3fb690 code [0x000002a8ed3fb820, 0x000002a8ed3fb958]
Event: 36288.144 Thread 0x000002a8f7f415b0 17116       1       com.sun.crypto.provider.PBKDF2KeyImpl::lambda$new$0 (11 bytes)
Event: 36288.145 Thread 0x000002a8f7f415b0 nmethod 17116 0x000002a8ed3fb290 code [0x000002a8ed3fb420, 0x000002a8ed3fb538]

GC Heap History (20 events):
Event: 35698.298 GC heap after
{Heap after GC invocations=362 (full 14):
 garbage-first heap   total 122880K, used 47817K [0x0000000701200000, 0x0000000800000000)
  region size 2048K, 1 young (2048K), 1 survivors (2048K)
 Metaspace       used 75468K, committed 76864K, reserved 1179648K
  class space    used 10064K, committed 10816K, reserved 1048576K
}
Event: 35774.666 GC heap before
{Heap before GC invocations=363 (full 14):
 garbage-first heap   total 122880K, used 105161K [0x0000000701200000, 0x0000000800000000)
  region size 2048K, 29 young (59392K), 1 survivors (2048K)
 Metaspace       used 75454K, committed 76864K, reserved 1179648K
  class space    used 10062K, committed 10816K, reserved 1048576K
}
Event: 35774.667 GC heap after
{Heap after GC invocations=364 (full 14):
 garbage-first heap   total 122880K, used 47782K [0x0000000701200000, 0x0000000800000000)
  region size 2048K, 1 young (2048K), 1 survivors (2048K)
 Metaspace       used 75454K, committed 76864K, reserved 1179648K
  class space    used 10062K, committed 10816K, reserved 1048576K
}
Event: 35851.101 GC heap before
{Heap before GC invocations=364 (full 14):
 garbage-first heap   total 122880K, used 105126K [0x0000000701200000, 0x0000000800000000)
  region size 2048K, 29 young (59392K), 1 survivors (2048K)
 Metaspace       used 75454K, committed 76864K, reserved 1179648K
  class space    used 10062K, committed 10816K, reserved 1048576K
}
Event: 35851.102 GC heap after
{Heap after GC invocations=365 (full 14):
 garbage-first heap   total 122880K, used 47843K [0x0000000701200000, 0x0000000800000000)
  region size 2048K, 1 young (2048K), 1 survivors (2048K)
 Metaspace       used 75454K, committed 76864K, reserved 1179648K
  class space    used 10062K, committed 10816K, reserved 1048576K
}
Event: 35927.949 GC heap before
{Heap before GC invocations=366 (full 14):
 garbage-first heap   total 122880K, used 105187K [0x0000000701200000, 0x0000000800000000)
  region size 2048K, 29 young (59392K), 1 survivors (2048K)
 Metaspace       used 75454K, committed 76864K, reserved 1179648K
  class space    used 10062K, committed 10816K, reserved 1048576K
}
Event: 35927.950 GC heap after
{Heap after GC invocations=367 (full 14):
 garbage-first heap   total 122880K, used 47807K [0x0000000701200000, 0x0000000800000000)
  region size 2048K, 1 young (2048K), 1 survivors (2048K)
 Metaspace       used 75454K, committed 76864K, reserved 1179648K
  class space    used 10062K, committed 10816K, reserved 1048576K
}
Event: 36004.636 GC heap before
{Heap before GC invocations=367 (full 14):
 garbage-first heap   total 122880K, used 105151K [0x0000000701200000, 0x0000000800000000)
  region size 2048K, 29 young (59392K), 1 survivors (2048K)
 Metaspace       used 75464K, committed 76864K, reserved 1179648K
  class space    used 10063K, committed 10816K, reserved 1048576K
}
Event: 36004.637 GC heap after
{Heap after GC invocations=368 (full 14):
 garbage-first heap   total 122880K, used 47887K [0x0000000701200000, 0x0000000800000000)
  region size 2048K, 1 young (2048K), 1 survivors (2048K)
 Metaspace       used 75464K, committed 76864K, reserved 1179648K
  class space    used 10063K, committed 10816K, reserved 1048576K
}
Event: 36081.588 GC heap before
{Heap before GC invocations=369 (full 14):
 garbage-first heap   total 122880K, used 105231K [0x0000000701200000, 0x0000000800000000)
  region size 2048K, 29 young (59392K), 1 survivors (2048K)
 Metaspace       used 75454K, committed 76864K, reserved 1179648K
  class space    used 10062K, committed 10816K, reserved 1048576K
}
Event: 36081.589 GC heap after
{Heap after GC invocations=370 (full 14):
 garbage-first heap   total 122880K, used 47853K [0x0000000701200000, 0x0000000800000000)
  region size 2048K, 1 young (2048K), 1 survivors (2048K)
 Metaspace       used 75454K, committed 76864K, reserved 1179648K
  class space    used 10062K, committed 10816K, reserved 1048576K
}
Event: 36158.744 GC heap before
{Heap before GC invocations=370 (full 14):
 garbage-first heap   total 122880K, used 105197K [0x0000000701200000, 0x0000000800000000)
  region size 2048K, 29 young (59392K), 1 survivors (2048K)
 Metaspace       used 75454K, committed 76864K, reserved 1179648K
  class space    used 10062K, committed 10816K, reserved 1048576K
}
Event: 36158.744 GC heap after
{Heap after GC invocations=371 (full 14):
 garbage-first heap   total 122880K, used 47771K [0x0000000701200000, 0x0000000800000000)
  region size 2048K, 1 young (2048K), 1 survivors (2048K)
 Metaspace       used 75454K, committed 76864K, reserved 1179648K
  class space    used 10062K, committed 10816K, reserved 1048576K
}
Event: 36235.580 GC heap before
{Heap before GC invocations=372 (full 14):
 garbage-first heap   total 122880K, used 105115K [0x0000000701200000, 0x0000000800000000)
  region size 2048K, 29 young (59392K), 1 survivors (2048K)
 Metaspace       used 75454K, committed 76864K, reserved 1179648K
  class space    used 10062K, committed 10816K, reserved 1048576K
}
Event: 36235.581 GC heap after
{Heap after GC invocations=373 (full 14):
 garbage-first heap   total 122880K, used 47843K [0x0000000701200000, 0x0000000800000000)
  region size 2048K, 1 young (2048K), 1 survivors (2048K)
 Metaspace       used 75454K, committed 76864K, reserved 1179648K
  class space    used 10062K, committed 10816K, reserved 1048576K
}
Event: 36276.279 GC heap before
{Heap before GC invocations=373 (full 14):
 garbage-first heap   total 122880K, used 105187K [0x0000000701200000, 0x0000000800000000)
  region size 2048K, 29 young (59392K), 1 survivors (2048K)
 Metaspace       used 75605K, committed 76864K, reserved 1179648K
  class space    used 10084K, committed 10816K, reserved 1048576K
}
Event: 36276.281 GC heap after
{Heap after GC invocations=374 (full 14):
 garbage-first heap   total 122880K, used 50239K [0x0000000701200000, 0x0000000800000000)
  region size 2048K, 2 young (4096K), 2 survivors (4096K)
 Metaspace       used 75605K, committed 76864K, reserved 1179648K
  class space    used 10084K, committed 10816K, reserved 1048576K
}
Event: 36288.142 GC heap before
{Heap before GC invocations=375 (full 14):
 garbage-first heap   total 122880K, used 101439K [0x0000000701200000, 0x0000000800000000)
  region size 2048K, 28 young (57344K), 2 survivors (4096K)
 Metaspace       used 76002K, committed 77248K, reserved 1179648K
  class space    used 10138K, committed 10816K, reserved 1048576K
}
Event: 36288.144 GC heap after
{Heap after GC invocations=376 (full 14):
 garbage-first heap   total 122880K, used 54284K [0x0000000701200000, 0x0000000800000000)
  region size 2048K, 4 young (8192K), 4 survivors (8192K)
 Metaspace       used 76002K, committed 77248K, reserved 1179648K
  class space    used 10138K, committed 10816K, reserved 1048576K
}
Event: 36348.248 GC heap before
{Heap before GC invocations=376 (full 14):
 garbage-first heap   total 122880K, used 99340K [0x0000000701200000, 0x0000000800000000)
  region size 2048K, 26 young (53248K), 4 survivors (8192K)
 Metaspace       used 76002K, committed 77248K, reserved 1179648K
  class space    used 10138K, committed 10816K, reserved 1048576K
}

Deoptimization events (20 events):
Event: 36276.493 Thread 0x000002a88257e470 DEOPT PACKING pc=0x000002a8ebbe0f6c sp=0x000000dba06fc210
Event: 36276.493 Thread 0x000002a88257e470 DEOPT UNPACKING pc=0x000002a8eb282b43 sp=0x000000dba06fb6d0 mode 1
Event: 36276.493 Thread 0x000002a88257e470 DEOPT PACKING pc=0x000002a8eb8fc784 sp=0x000000dba06fd3d0
Event: 36276.493 Thread 0x000002a88257e470 DEOPT UNPACKING pc=0x000002a8eb282b43 sp=0x000000dba06fc920 mode 1
Event: 36276.493 Thread 0x000002a88257e470 DEOPT PACKING pc=0x000002a8ebbe0f6c sp=0x000000dba06fd4e0
Event: 36276.493 Thread 0x000002a88257e470 DEOPT UNPACKING pc=0x000002a8eb282b43 sp=0x000000dba06fc9a0 mode 1
Event: 36276.494 Thread 0x000002a88257e470 DEOPT PACKING pc=0x000002a8eb9cf334 sp=0x000000dba06fc720
Event: 36276.494 Thread 0x000002a88257e470 DEOPT UNPACKING pc=0x000002a8eb282b43 sp=0x000000dba06fbc58 mode 1
Event: 36276.494 Thread 0x000002a88257e470 DEOPT PACKING pc=0x000002a8eb9d1ab4 sp=0x000000dba06fc810
Event: 36276.494 Thread 0x000002a88257e470 DEOPT UNPACKING pc=0x000002a8eb282b43 sp=0x000000dba06fbdb8 mode 1
Event: 36276.494 Thread 0x000002a88257e470 DEOPT PACKING pc=0x000002a8eb9d038c sp=0x000000dba06fc970
Event: 36276.494 Thread 0x000002a88257e470 DEOPT UNPACKING pc=0x000002a8eb282b43 sp=0x000000dba06fbf20 mode 1
Event: 36276.494 Thread 0x000002a88257e470 DEOPT PACKING pc=0x000002a8eb9cf334 sp=0x000000dba06fc720
Event: 36276.494 Thread 0x000002a88257e470 DEOPT UNPACKING pc=0x000002a8eb282b43 sp=0x000000dba06fbc58 mode 1
Event: 36276.494 Thread 0x000002a88257e470 DEOPT PACKING pc=0x000002a8eb9d1ab4 sp=0x000000dba06fc810
Event: 36276.494 Thread 0x000002a88257e470 DEOPT UNPACKING pc=0x000002a8eb282b43 sp=0x000000dba06fbdb8 mode 1
Event: 36276.494 Thread 0x000002a88257e470 DEOPT PACKING pc=0x000002a8eb9d038c sp=0x000000dba06fc970
Event: 36276.494 Thread 0x000002a88257e470 DEOPT UNPACKING pc=0x000002a8eb282b43 sp=0x000000dba06fbf20 mode 1
Event: 36294.302 Thread 0x000002a88257e470 DEOPT PACKING pc=0x000002a8eb7d1d7c sp=0x000000dba06fd6a0
Event: 36294.302 Thread 0x000002a88257e470 DEOPT UNPACKING pc=0x000002a8eb282b43 sp=0x000000dba06fcb58 mode 0

Classes loaded (20 events):
Event: 34098.240 Loading class java/lang/ObjectCustomizer
Event: 34098.240 Loading class java/lang/ObjectCustomizer done
Event: 36276.126 Loading class java/lang/ObjectBeanInfo
Event: 36276.126 Loading class java/lang/ObjectBeanInfo done
Event: 36276.126 Loading class java/lang/ObjectBeanInfo
Event: 36276.126 Loading class java/lang/ObjectBeanInfo done
Event: 36276.126 Loading class java/lang/ObjectCustomizer
Event: 36276.126 Loading class java/lang/ObjectCustomizer done
Event: 36276.126 Loading class java/lang/ObjectCustomizer
Event: 36276.126 Loading class java/lang/ObjectCustomizer done
Event: 36276.457 Loading class java/lang/ObjectCustomizer
Event: 36276.457 Loading class java/lang/ObjectCustomizer done
Event: 36276.458 Loading class java/lang/ObjectCustomizer
Event: 36276.458 Loading class java/lang/ObjectCustomizer done
Event: 36276.462 Loading class java/time/DurationEditor
Event: 36276.462 Loading class java/time/DurationEditor done
Event: 36276.480 Loading class java/lang/ObjectCustomizer
Event: 36276.480 Loading class java/lang/ObjectCustomizer done
Event: 36276.480 Loading class java/lang/ObjectCustomizer
Event: 36276.480 Loading class java/lang/ObjectCustomizer done

Classes unloaded (20 events):
Event: 34169.972 Thread 0x000002a8e39863d0 Unloading class 0x00000008016a8000 'java/lang/invoke/LambdaForm$MH+0x00000008016a8000'
Event: 34169.972 Thread 0x000002a8e39863d0 Unloading class 0x00000008014a5c00 'java/lang/invoke/LambdaForm$MH+0x00000008014a5c00'
Event: 34169.972 Thread 0x000002a8e39863d0 Unloading class 0x0000000801647400 'java/lang/invoke/LambdaForm$MH+0x0000000801647400'
Event: 34315.157 Thread 0x000002a8e39863d0 Unloading class 0x00000008015a2800 'jdk/internal/reflect/GeneratedSerializationConstructorAccessor296'
Event: 35085.077 Thread 0x000002a8e39863d0 Unloading class 0x0000000800ff8000 'jdk/internal/reflect/GeneratedSerializationConstructorAccessor329'
Event: 35238.831 Thread 0x000002a8e39863d0 Unloading class 0x000000080169d400 'jdk/internal/reflect/GeneratedSerializationConstructorAccessor332'
Event: 35238.831 Thread 0x000002a8e39863d0 Unloading class 0x0000000801588400 'jdk/internal/reflect/GeneratedSerializationConstructorAccessor331'
Event: 35238.831 Thread 0x000002a8e39863d0 Unloading class 0x0000000801561400 'jdk/internal/reflect/GeneratedSerializationConstructorAccessor330'
Event: 35544.990 Thread 0x000002a8e39863d0 Unloading class 0x00000008015a2800 'jdk/internal/reflect/GeneratedSerializationConstructorAccessor333'
Event: 35698.313 Thread 0x000002a8e39863d0 Unloading class 0x0000000801562400 'jdk/internal/reflect/GeneratedSerializationConstructorAccessor337'
Event: 35698.313 Thread 0x000002a8e39863d0 Unloading class 0x0000000801591c00 'jdk/internal/reflect/GeneratedSerializationConstructorAccessor336'
Event: 35698.313 Thread 0x000002a8e39863d0 Unloading class 0x0000000801546000 'jdk/internal/reflect/GeneratedSerializationConstructorAccessor335'
Event: 35698.313 Thread 0x000002a8e39863d0 Unloading class 0x0000000801485800 'jdk/internal/reflect/GeneratedSerializationConstructorAccessor334'
Event: 35851.117 Thread 0x000002a8e39863d0 Unloading class 0x00000008014a9400 'jdk/internal/reflect/GeneratedSerializationConstructorAccessor338'
Event: 36004.653 Thread 0x000002a8e39863d0 Unloading class 0x0000000801589800 'jdk/internal/reflect/GeneratedSerializationConstructorAccessor341'
Event: 36004.653 Thread 0x000002a8e39863d0 Unloading class 0x00000008015a3800 'jdk/internal/reflect/GeneratedSerializationConstructorAccessor340'
Event: 36004.653 Thread 0x000002a8e39863d0 Unloading class 0x0000000801585000 'jdk/internal/reflect/GeneratedSerializationConstructorAccessor339'
Event: 36276.297 Thread 0x000002a8e39863d0 Unloading class 0x00000008014c6800 'jdk/internal/reflect/GeneratedSerializationConstructorAccessor344'
Event: 36276.297 Thread 0x000002a8e39863d0 Unloading class 0x0000000801646400 'jdk/internal/reflect/GeneratedSerializationConstructorAccessor343'
Event: 36276.297 Thread 0x000002a8e39863d0 Unloading class 0x000000080167a800 'jdk/internal/reflect/GeneratedSerializationConstructorAccessor342'

Classes redefined (20 events):
Event: 16046.740 Thread 0x000002a8e39863d0 redefined class name=com.example.fgocalculation.entity.AbstractEntity, count=1
Event: 16046.740 Thread 0x000002a8e39863d0 redefined class name=com.example.fgocalculation.entity.AbstractEntity, count=1
Event: 16046.740 Thread 0x000002a8e39863d0 redefined class name=com.example.fgocalculation.entity.User, count=1
Event: 16046.740 Thread 0x000002a8e39863d0 redefined class name=com.example.fgocalculation.entity.User, count=1
Event: 16046.740 Thread 0x000002a8e39863d0 redefined class name=com.example.fgocalculation.entity.AbstractEntity, count=1
Event: 16046.740 Thread 0x000002a8e39863d0 redefined class name=com.example.fgocalculation.entity.AbstractEntity, count=1
Event: 34009.067 Thread 0x000002a8e39863d0 redefined class name=com.example.fgocalculation.controller.UserController, count=1
Event: 34009.067 Thread 0x000002a8e39863d0 redefined class name=com.example.fgocalculation.controller.UserController, count=1
Event: 34009.067 Thread 0x000002a8e39863d0 redefined class name=com.example.fgocalculation.controller.UserController, count=1
Event: 34009.067 Thread 0x000002a8e39863d0 redefined class name=com.example.fgocalculation.controller.UserController, count=1
Event: 34009.067 Thread 0x000002a8e39863d0 redefined class name=com.example.fgocalculation.controller.UserController, count=1
Event: 34009.067 Thread 0x000002a8e39863d0 redefined class name=com.example.fgocalculation.controller.UserController, count=1
Event: 34052.396 Thread 0x000002a8e39863d0 redefined class name=com.example.fgocalculation.controller.SessionsController, count=1
Event: 34052.396 Thread 0x000002a8e39863d0 redefined class name=com.example.fgocalculation.controller.SessionsController, count=1
Event: 34052.396 Thread 0x000002a8e39863d0 redefined class name=com.example.fgocalculation.controller.SessionsController, count=1
Event: 34052.396 Thread 0x000002a8e39863d0 redefined class name=com.example.fgocalculation.controller.SessionsController, count=1
Event: 34052.396 Thread 0x000002a8e39863d0 redefined class name=com.example.fgocalculation.controller.SessionsController, count=1
Event: 34052.396 Thread 0x000002a8e39863d0 redefined class name=com.example.fgocalculation.controller.SessionsController, count=1
Event: 34052.396 Thread 0x000002a8e39863d0 redefined class name=com.example.fgocalculation.controller.SessionsController, count=1
Event: 34052.396 Thread 0x000002a8e39863d0 redefined class name=com.example.fgocalculation.controller.SessionsController, count=1

Internal exceptions (20 events):
Event: 36276.352 Thread 0x000002a88257e470 Exception <a 'java/lang/NoSuchMethodError'{0x00000007080f25e0}: 'int java.lang.invoke.DirectMethodHandle$Holder.invokeVirtual(java.lang.Object, java.lang.Object, java.lang.Object, java.lang.Object)'> (0x00000007080f25e0) 
thrown [s\open\src\hotspot\share\interpreter\linkResolver.cpp, line 766]
Event: 36276.352 Thread 0x000002a88257e470 Exception <a 'java/lang/NoSuchMethodError'{0x00000007080f5e40}: 'int java.lang.invoke.DelegatingMethodHandle$Holder.reinvoke_L(java.lang.Object, java.lang.Object, java.lang.Object, java.lang.Object)'> (0x00000007080f5e40) 
thrown [s\open\src\hotspot\share\interpreter\linkResolver.cpp, line 766]
Event: 36276.357 Thread 0x000002a88257e470 Exception <a 'sun/nio/fs/WindowsException'{0x0000000707f6d240}> (0x0000000707f6d240) 
thrown [s\open\src\hotspot\share\prims\jni.cpp, line 516]
Event: 36276.357 Thread 0x000002a88257e470 Exception <a 'sun/nio/fs/WindowsException'{0x0000000707f6d8a8}> (0x0000000707f6d8a8) 
thrown [s\open\src\hotspot\share\prims\jni.cpp, line 516]
Event: 36276.357 Thread 0x000002a88257e470 Exception <a 'sun/nio/fs/WindowsException'{0x0000000707f6df80}> (0x0000000707f6df80) 
thrown [s\open\src\hotspot\share\prims\jni.cpp, line 516]
Event: 36276.363 Thread 0x000002a88257e470 Exception <a 'java/io/FileNotFoundException'{0x0000000707fae6f0}> (0x0000000707fae6f0) 
thrown [s\open\src\hotspot\share\prims\jni.cpp, line 516]
Event: 36276.410 Thread 0x000002a88257e470 Exception <a 'java/lang/NoSuchMethodError'{0x00000007078e0838}: static Lorg/springframework/security/authentication/AbstractAuthenticationToken;.<clinit>()V> (0x00000007078e0838) 
thrown [s\open\src\hotspot\share\prims\jni.cpp, line 1104]
Event: 36276.458 Thread 0x000002a88257e470 Exception <a 'java/lang/ClassNotFoundException'{0x0000000706ddef58}: java/lang/ObjectCustomizer> (0x0000000706ddef58) 
thrown [s\open\src\hotspot\share\classfile\systemDictionary.cpp, line 255]
Event: 36276.458 Thread 0x000002a88257e470 Exception <a 'java/lang/ClassNotFoundException'{0x0000000706de8090}: org/springframework/security/config/annotation/web/configuration/WebSecurityConfigurerAdapterCustomizer> (0x0000000706de8090) 
thrown [s\open\src\hotspot\share\classfile\systemDictionary.cpp, line 255]
Event: 36276.458 Thread 0x000002a88257e470 Exception <a 'java/lang/ClassNotFoundException'{0x0000000706df9638}: com/example/fgocalculation/SecurityConfigCustomizer> (0x0000000706df9638) 
thrown [s\open\src\hotspot\share\classfile\systemDictionary.cpp, line 255]
Event: 36276.459 Thread 0x000002a88257e470 Exception <a 'java/lang/ClassNotFoundException'{0x0000000706a03ea8}: com/example/fgocalculation/SecurityConfig$$EnhancerBySpringCGLIB$$801ff918Customizer> (0x0000000706a03ea8) 
thrown [s\open\src\hotspot\share\classfile\systemDictionary.cpp, line 255]
Event: 36276.459 Thread 0x000002a88257e470 Exception <a 'java/lang/ClassNotFoundException'{0x0000000706a16e40}: org/springframework/context/annotation/ConfigurationClassEnhancer$EnhancedConfigurationCustomizer> (0x0000000706a16e40) 
thrown [s\open\src\hotspot\share\classfile\systemDictionary.cpp, line 255]
Event: 36276.460 Thread 0x000002a88257e470 Exception <a 'java/lang/ClassNotFoundException'{0x0000000706a1be38}: org/springframework/beans/factory/BeanFactoryAwareCustomizer> (0x0000000706a1be38) 
thrown [s\open\src\hotspot\share\classfile\systemDictionary.cpp, line 255]
Event: 36276.460 Thread 0x000002a88257e470 Exception <a 'java/lang/ClassNotFoundException'{0x0000000706a222b8}: org/springframework/beans/factory/AwareCustomizer> (0x0000000706a222b8) 
thrown [s\open\src\hotspot\share\classfile\systemDictionary.cpp, line 255]
Event: 36276.460 Thread 0x000002a88257e470 Exception <a 'java/lang/ClassNotFoundException'{0x0000000706a279a8}: org/springframework/security/config/annotation/web/WebSecurityConfigurerCustomizer> (0x0000000706a279a8) 
thrown [s\open\src\hotspot\share\classfile\systemDictionary.cpp, line 255]
Event: 36276.460 Thread 0x000002a88257e470 Exception <a 'java/lang/ClassNotFoundException'{0x0000000706a2cfe0}: org/springframework/security/config/annotation/SecurityConfigurerCustomizer> (0x0000000706a2cfe0) 
thrown [s\open\src\hotspot\share\classfile\systemDictionary.cpp, line 255]
Event: 36276.480 Thread 0x000002a88257e470 Exception <a 'java/lang/ClassNotFoundException'{0x00000007066726c0}: java/lang/ObjectCustomizer> (0x00000007066726c0) 
thrown [s\open\src\hotspot\share\classfile\systemDictionary.cpp, line 255]
Event: 36276.481 Thread 0x000002a88257e470 Exception <a 'java/lang/ClassNotFoundException'{0x000000070667b9a0}: com/example/fgocalculation/entity/AbstractEntityCustomizer> (0x000000070667b9a0) 
thrown [s\open\src\hotspot\share\classfile\systemDictionary.cpp, line 255]
Event: 36276.481 Thread 0x000002a88257e470 Exception <a 'java/lang/ClassNotFoundException'{0x0000000706687008}: com/example/fgocalculation/entity/UserCustomizer> (0x0000000706687008) 
thrown [s\open\src\hotspot\share\classfile\systemDictionary.cpp, line 255]
Event: 36276.482 Thread 0x000002a88257e470 Exception <a 'java/lang/ClassNotFoundException'{0x00000007066a2d18}: org/springframework/security/core/userdetails/UserDetailsCustomizer> (0x00000007066a2d18) 
thrown [s\open\src\hotspot\share\classfile\systemDictionary.cpp, line 255]

VM Operations (20 events):
Event: 36294.628 Executing VM operation: get/set locals done
Event: 36294.628 Executing VM operation: get/set locals
Event: 36294.628 Executing VM operation: get/set locals done
Event: 36294.629 Executing VM operation: get/set locals
Event: 36294.629 Executing VM operation: get/set locals done
Event: 36294.629 Executing VM operation: get/set locals
Event: 36294.629 Executing VM operation: get/set locals done
Event: 36294.629 Executing VM operation: get/set locals
Event: 36294.629 Executing VM operation: get/set locals done
Event: 36294.629 Executing VM operation: get/set locals
Event: 36294.629 Executing VM operation: get/set locals done
Event: 36294.629 Executing VM operation: get/set locals
Event: 36294.629 Executing VM operation: get/set locals done
Event: 36294.630 Executing VM operation: get/set locals
Event: 36294.630 Executing VM operation: get/set locals done
Event: 36294.630 Executing VM operation: get/set locals
Event: 36294.630 Executing VM operation: get/set locals done
Event: 36294.630 Executing VM operation: get/set locals
Event: 36294.630 Executing VM operation: get/set locals done
Event: 36348.248 Executing VM operation: G1CollectForAllocation

Events (20 events):
Event: 34098.275 Thread 0x000002a88257f7b0 Thread added: 0x000002a88257f7b0
Event: 34098.282 Thread 0x000002a882580af0 Thread exited: 0x000002a882580af0
Event: 34098.282 Thread 0x000002a88257dad0 Thread exited: 0x000002a88257dad0
Event: 34098.282 Thread 0x000002a88257f7b0 Thread exited: 0x000002a88257f7b0
Event: 34098.284 Thread 0x000002a882581e30 Thread exited: 0x000002a882581e30
Event: 34098.284 Thread 0x000002a88257e470 Thread exited: 0x000002a88257e470
Event: 34098.284 Thread 0x000002a882583640 Thread exited: 0x000002a882583640
Event: 34098.292 Thread 0x000002a882583170 Thread exited: 0x000002a882583170
Event: 34098.292 Thread 0x000002a88257dad0 Thread added: 0x000002a88257dad0
Event: 36276.102 Thread 0x000002a88257e470 Thread added: 0x000002a88257e470
Event: 36276.143 Thread 0x000002a88257fc80 Thread added: 0x000002a88257fc80
Event: 36276.165 Thread 0x000002a88257fc80 Thread exited: 0x000002a88257fc80
Event: 36276.401 Thread 0x000002a882583170 Thread added: 0x000002a882583170
Event: 36276.414 Thread 0x000002a88257f7b0 Thread added: 0x000002a88257f7b0
Event: 36276.414 Thread 0x000002a88257cc60 Thread added: 0x000002a88257cc60
Event: 36276.414 Thread 0x000002a882580af0 Thread added: 0x000002a882580af0
Event: 36276.437 Thread 0x000002a8870758c0 Thread added: 0x000002a8870758c0
Event: 36276.516 Thread 0x000002a882582300 Thread added: 0x000002a882582300
Event: 36281.742 Thread 0x000002a8870758c0 Thread exited: 0x000002a8870758c0
Event: 36281.742 Thread 0x000002a882582300 Thread exited: 0x000002a882582300


Dynamic libraries:
0x00007ff7fd280000 - 0x00007ff7fd290000 	C:\Program Files\Java\jdk-18.0.1.1\bin\javaw.exe
0x00007ffc6db10000 - 0x00007ffc6dd08000 	C:\Windows\SYSTEM32\ntdll.dll
0x00007ffc6cd00000 - 0x00007ffc6cdbf000 	C:\Windows\System32\KERNEL32.DLL
0x00007ffc6b330000 - 0x00007ffc6b602000 	C:\Windows\System32\KERNELBASE.dll
0x00007ffc6b770000 - 0x00007ffc6b870000 	C:\Windows\System32\ucrtbase.dll
0x00007ffc4b810000 - 0x00007ffc4b82a000 	C:\Program Files\Java\jdk-18.0.1.1\bin\VCRUNTIME140.dll
0x00007ffc662c0000 - 0x00007ffc662d8000 	C:\Program Files\Java\jdk-18.0.1.1\bin\jli.dll
0x00007ffc6d270000 - 0x00007ffc6d31e000 	C:\Windows\System32\ADVAPI32.dll
0x00007ffc6ca10000 - 0x00007ffc6caae000 	C:\Windows\System32\msvcrt.dll
0x00007ffc6bc50000 - 0x00007ffc6bcec000 	C:\Windows\System32\sechost.dll
0x00007ffc6cab0000 - 0x00007ffc6cbd5000 	C:\Windows\System32\RPCRT4.dll
0x00007ffc6d7d0000 - 0x00007ffc6d96d000 	C:\Windows\System32\USER32.dll
0x00007ffc6ba40000 - 0x00007ffc6ba62000 	C:\Windows\System32\win32u.dll
0x00007ffc46340000 - 0x00007ffc465da000 	C:\Windows\WinSxS\amd64_microsoft.windows.common-controls_6595b64144ccf1df_6.0.19041.1110_none_60b5254171f9507e\COMCTL32.dll
0x00007ffc6c4a0000 - 0x00007ffc6c4cb000 	C:\Windows\System32\GDI32.dll
0x00007ffc6b900000 - 0x00007ffc6ba0f000 	C:\Windows\System32\gdi32full.dll
0x00007ffc6ba70000 - 0x00007ffc6bb0d000 	C:\Windows\System32\msvcp_win.dll
0x00007ffc643f0000 - 0x00007ffc643fa000 	C:\Windows\SYSTEM32\VERSION.dll
0x00007ffc6ce70000 - 0x00007ffc6cea2000 	C:\Windows\System32\IMM32.DLL
0x00007ffc66290000 - 0x00007ffc6629c000 	C:\Program Files\Java\jdk-18.0.1.1\bin\vcruntime140_1.dll
0x00007ffc482f0000 - 0x00007ffc4837d000 	C:\Program Files\Java\jdk-18.0.1.1\bin\msvcp140.dll
0x00007ffbddce0000 - 0x00007ffbde8f0000 	C:\Program Files\Java\jdk-18.0.1.1\bin\server\jvm.dll
0x00007ffc6d320000 - 0x00007ffc6d328000 	C:\Windows\System32\PSAPI.DLL
0x00007ffc5d9a0000 - 0x00007ffc5d9c7000 	C:\Windows\SYSTEM32\WINMM.dll
0x00007ffc59b10000 - 0x00007ffc59b19000 	C:\Windows\SYSTEM32\WSOCK32.dll
0x00007ffc6d050000 - 0x00007ffc6d0bb000 	C:\Windows\System32\WS2_32.dll
0x00007ffc690f0000 - 0x00007ffc69102000 	C:\Windows\SYSTEM32\kernel.appcore.dll
0x00007ffc66070000 - 0x00007ffc6607a000 	C:\Program Files\Java\jdk-18.0.1.1\bin\jimage.dll
0x00007ffc5f1f0000 - 0x00007ffc5f3d4000 	C:\Windows\SYSTEM32\DBGHELP.DLL
0x00007ffc5f1c0000 - 0x00007ffc5f1ec000 	C:\Windows\SYSTEM32\dbgcore.DLL
0x00007ffc6b870000 - 0x00007ffc6b8f2000 	C:\Windows\System32\bcryptPrimitives.dll
0x00007ffc5a310000 - 0x00007ffc5a34b000 	C:\Program Files\Java\jdk-18.0.1.1\bin\jdwp.dll
0x00007ffc488f0000 - 0x00007ffc488fe000 	C:\Program Files\Java\jdk-18.0.1.1\bin\instrument.dll
0x00007ffc43bb0000 - 0x00007ffc43bd5000 	C:\Program Files\Java\jdk-18.0.1.1\bin\java.dll
0x00007ffc31b40000 - 0x00007ffc31c16000 	C:\Program Files\Java\jdk-18.0.1.1\bin\jsvml.dll
0x00007ffc6bcf0000 - 0x00007ffc6c433000 	C:\Windows\System32\SHELL32.dll
0x00007ffc692f0000 - 0x00007ffc69a82000 	C:\Windows\SYSTEM32\windows.storage.dll
0x00007ffc6d450000 - 0x00007ffc6d7a4000 	C:\Windows\System32\combase.dll
0x00007ffc6ac70000 - 0x00007ffc6aca0000 	C:\Windows\SYSTEM32\Wldp.dll
0x00007ffc6cdc0000 - 0x00007ffc6ce6d000 	C:\Windows\System32\SHCORE.dll
0x00007ffc6c440000 - 0x00007ffc6c495000 	C:\Windows\System32\shlwapi.dll
0x00007ffc6b150000 - 0x00007ffc6b16f000 	C:\Windows\SYSTEM32\profapi.dll
0x00007ffc68890000 - 0x00007ffc6889c000 	C:\Program Files\Java\jdk-18.0.1.1\bin\dt_socket.dll
0x00007ffc6a670000 - 0x00007ffc6a6ab000 	C:\Windows\SYSTEM32\IPHLPAPI.DLL
0x00007ffc6a9d0000 - 0x00007ffc6aa3a000 	C:\Windows\system32\mswsock.dll
0x00007ffc6a6c0000 - 0x00007ffc6a78a000 	C:\Windows\SYSTEM32\DNSAPI.dll
0x00007ffc6cfe0000 - 0x00007ffc6cfe8000 	C:\Windows\System32\NSI.dll
0x0000000074440000 - 0x0000000074466000 	C:\Program Files\Bonjour\mdnsNSP.dll
0x00007ffc5d9e0000 - 0x00007ffc5d9ea000 	C:\Windows\System32\rasadhlp.dll
0x00007ffc5df00000 - 0x00007ffc5df80000 	C:\Windows\System32\fwpuclnt.dll
0x00007ffc6ba10000 - 0x00007ffc6ba37000 	C:\Windows\System32\bcrypt.dll
0x00007ffc488d0000 - 0x00007ffc488e8000 	C:\Program Files\Java\jdk-18.0.1.1\bin\zip.dll
0x00007ffc487f0000 - 0x00007ffc48803000 	C:\Program Files\Java\jdk-18.0.1.1\bin\net.dll
0x00007ffc59780000 - 0x00007ffc5988c000 	C:\Windows\SYSTEM32\WINHTTP.dll
0x00007ffc481a0000 - 0x00007ffc481b6000 	C:\Program Files\Java\jdk-18.0.1.1\bin\nio.dll
0x00007ffc66a00000 - 0x00007ffc66a09000 	C:\Program Files\Java\jdk-18.0.1.1\bin\management.dll
0x00007ffc48390000 - 0x00007ffc4839b000 	C:\Program Files\Java\jdk-18.0.1.1\bin\management_ext.dll
0x00007ffc48150000 - 0x00007ffc48167000 	C:\Windows\system32\napinsp.dll
0x00007ffc48130000 - 0x00007ffc4814b000 	C:\Windows\system32\pnrpnsp.dll
0x00007ffc3ac30000 - 0x00007ffc3ac45000 	C:\Windows\system32\wshbth.dll
0x00007ffc67fb0000 - 0x00007ffc67fcd000 	C:\Windows\system32\NLAapi.dll
0x00007ffc48110000 - 0x00007ffc48122000 	C:\Windows\System32\winrnr.dll
0x00007ffc6abc0000 - 0x00007ffc6abd8000 	C:\Windows\SYSTEM32\CRYPTSP.dll
0x00007ffc6a280000 - 0x00007ffc6a2b4000 	C:\Windows\system32\rsaenh.dll
0x00007ffc6b110000 - 0x00007ffc6b13e000 	C:\Windows\SYSTEM32\USERENV.dll
0x00007ffc6abe0000 - 0x00007ffc6abec000 	C:\Windows\SYSTEM32\CRYPTBASE.dll
0x00007ffc64ac0000 - 0x00007ffc64ad7000 	C:\Windows\SYSTEM32\dhcpcsvc6.DLL
0x00007ffc64870000 - 0x00007ffc6488d000 	C:\Windows\SYSTEM32\dhcpcsvc.DLL
0x00007ffc5a2e0000 - 0x00007ffc5a2f0000 	C:\Program Files\Java\jdk-18.0.1.1\bin\verify.dll
0x00007ffc68810000 - 0x00007ffc6881e000 	C:\Program Files\Java\jdk-18.0.1.1\bin\sunmscapi.dll
0x00007ffc6b610000 - 0x00007ffc6b766000 	C:\Windows\System32\CRYPT32.dll
0x00007ffc6ace0000 - 0x00007ffc6ad07000 	C:\Windows\SYSTEM32\ncrypt.dll
0x00007ffc6aca0000 - 0x00007ffc6acdb000 	C:\Windows\SYSTEM32\NTASN1.dll

dbghelp: loaded successfully - version: 4.0.5 - missing functions: none
symbol engine: initialized successfully - sym options: 0x614 - pdb path: .;C:\Program Files\Java\jdk-18.0.1.1\bin;C:\Windows\SYSTEM32;C:\Windows\WinSxS\amd64_microsoft.windows.common-controls_6595b64144ccf1df_6.0.19041.1110_none_60b5254171f9507e;C:\Program Files\Java\jdk-18.0.1.1\bin\server;C:\Program Files\Bonjour

VM Arguments:
jvm_args: -XX:+ShowCodeDetailsInExceptionMessages -agentlib:jdwp=transport=dt_socket,suspend=y,address=localhost:51418 -Dcom.sun.management.jmxremote -Dcom.sun.management.jmxremote.port=51416 -Dcom.sun.management.jmxremote.authenticate=false -Dcom.sun.management.jmxremote.ssl=false -Djava.rmi.server.hostname=localhost -Dspring.jmx.enabled=true -Dspring.application.admin.enabled=true -XX:TieredStopAtLevel=1 -Dspring.boot.project.name=fgocalculation -javaagent:C:\Users\pokem\eclipse\jee-2022-062\eclipse\configuration\org.eclipse.osgi\407\0\.cp\lib\javaagent-shaded.jar -Dfile.encoding=UTF-8 
java_command: com.example.fgocalculation.FgocalculationApplication
java_class_path (initial): C:\Users\pokem\workspace\java\fgocalculation\target\classes;C:\Users\pokem\.m2\repository\org\springframework\boot\spring-boot-starter-web\2.7.4\spring-boot-starter-web-2.7.4.jar;C:\Users\pokem\.m2\repository\org\springframework\boot\spring-boot-starter\2.7.4\spring-boot-starter-2.7.4.jar;C:\Users\pokem\.m2\repository\org\springframework\boot\spring-boot-starter-logging\2.7.4\spring-boot-starter-logging-2.7.4.jar;C:\Users\pokem\.m2\repository\ch\qos\logback\logback-classic\1.2.11\logback-classic-1.2.11.jar;C:\Users\pokem\.m2\repository\ch\qos\logback\logback-core\1.2.11\logback-core-1.2.11.jar;C:\Users\pokem\.m2\repository\org\apache\logging\log4j\log4j-to-slf4j\2.17.2\log4j-to-slf4j-2.17.2.jar;C:\Users\pokem\.m2\repository\org\apache\logging\log4j\log4j-api\2.17.2\log4j-api-2.17.2.jar;C:\Users\pokem\.m2\repository\org\slf4j\jul-to-slf4j\1.7.36\jul-to-slf4j-1.7.36.jar;C:\Users\pokem\.m2\repository\jakarta\annotation\jakarta.annotation-api\1.3.5\jakarta.annotation-api-1.3.5.jar;C:\Users\pokem\.m2\repository\org\yaml\snakeyaml\1.30\snakeyaml-1.30.jar;C:\Users\pokem\.m2\repository\org\springframework\boot\spring-boot-starter-json\2.7.4\spring-boot-starter-json-2.7.4.jar;C:\Users\pokem\.m2\repository\com\fasterxml\jackson\core\jackson-databind\2.13.4\jackson-databind-2.13.4.jar;C:\Users\pokem\.m2\repository\com\fasterxml\jackson\core\jackson-annotations\2.13.4\jackson-annotations-2.13.4.jar;C:\Users\pokem\.m2\repository\com\fasterxml\jackson\core\jackson-core\2.13.4\jackson-core-2.13.4.jar;C:\Users\pokem\.m2\repository\com\fasterxml\jackson\datatype\jackson-datatype-jdk8\2.13.4\jackson-datatype-jdk8-2.13.4.jar;C:\Users\pokem\.m2\repository\com\fasterxml\jackson\datatype\jackson-datatype-jsr310\2.13.4\jackson-datatype-jsr310-2.13.4.jar;C:\Users\pokem\.m2\repository\com\fasterxml\jackson\module\jackson-module-parameter-names\2.13.4\jackson-module-parameter-names-2.13.4.jar;C:\Users\pokem\.m2\repository\org\springframework\boot\spring-boot-starter-tomcat\2.7.4\spring-boot-starter-tomcat-2.7.4.jar;C:\Users\pokem\.m2\repository\org\apache\tomcat\embed\tomcat-embed-core\9.0.65\tomcat-embed-core-9.0.65.jar;C:\Users\pokem\.m2\repository\org\apache\tomcat\embed\tomcat-embed-websocket\9.0.65\tomcat-embed-websocket-9.0.65.jar;C:\Users\pokem\.m2\repository\org\springframework\spring-web\5.3.23\spring-web-5.3.23.jar;C:\Users\pokem\.m2\repository\org\springframework\spring-beans\5.3.23\spring-beans-5.3.23.jar;C:\Users\pokem\.m2\repository\org\springframework\spring-webmvc\5.3.23\spring-webmvc-5.3.23.jar;C:\Users\pokem\.m2\repository\org\springframework\spring-context\5.3.23\spring-context-5.3.23.jar;C:\Users\pokem\.m2\repository\org\springframework\spring-expression\5.3.23\spring-expression-5.3.23.jar;C:\Users\pokem\.m2\repository\jakarta\xml\bind\jakarta.xml.bind-api\2.3.3\jakarta.xml.bind-api-2.3.3.jar;C:\Users\pokem\.m2\repository\jakarta\activation\jakarta.activation-api\1.2.2\jakarta.activation-api-1.2.2.jar;C:\Users\pokem\.m2\repository\net\bytebuddy\byte-buddy\1.12.17\byte-buddy-1.12.17.jar;C:\Users\pokem\.m2\repository\org\springframework\spring-core\5.3.23\spring-core-5.3.23.jar;C:\Users\pokem\.m2\repository\org\springframework\spring-jcl\5.3.23\spring-jcl-5.3.23.jar;C:\Users\pokem\.m2\repository\org\springframework\boot\spring-boot-starter-validation\2.7.4\spring-boot-starter-validation-2.7.4.jar;C:\Users\pokem\.m2\repository\org\apache\tomcat\embed\tomcat-embed-el\9.0.65\tomcat-embed-el-9.0.65.jar;C:\Users\pokem\.m2\repository\org\hibernate\validator\hibernate-validator\6.2.5.Final\hibernate-validator-6.2.5.Final.jar;C:\Users\pokem\.m2\repository\jakarta\validation\jakarta.validation-api\2.0.2\jakarta.validation-api-2.0.2.jar;C:\Users\pokem\.m2\repository\org\jboss\logging\jboss-logging\3.4.3.Final\jboss-logging-3.4.3.Final.jar;C:\Users\pokem\.m2\repository\com\fasterxml\classmate\1.5.1\classmate-1.5.1.jar;C:\Users\pokem\.m2\repository\javax\validation\validation-api\2.0.1.Final\validation-api-2.0.1.Final.jar;C:\Users\pokem\.m2\repository\org\springframework\boot\spring-boot-starter-thymeleaf\2.7.4\spring-boot-starter-thymeleaf-2.7.4.jar;C:\Users\pokem\.m2\repository\org\thymeleaf\thymeleaf-spring5\3.0.15.RELEASE\thymeleaf-spring5-3.0.15.RELEASE.jar;C:\Users\pokem\.m2\repository\org\thymeleaf\extras\thymeleaf-extras-java8time\3.0.4.RELEASE\thymeleaf-extras-java8time-3.0.4.RELEASE.jar;C:\Users\pokem\.m2\repository\org\projectlombok\lombok\1.18.24\lombok-1.18.24.jar;C:\Users\pokem\.m2\repository\org\springframework\boot\spring-boot-devtools\2.7.4\spring-boot-devtools-2.7.4.jar;C:\Users\pokem\.m2\repository\org\springframework\boot\spring-boot\2.7.4\spring-boot-2.7.4.jar;C:\Users\pokem\.m2\repository\org\springframework\boot\spring-boot-autoconfigure\2.7.4\spring-boot-autoconfigure-2.7.4.jar;C:\Users\pokem\.m2\repository\org\springframework\boot\spring-boot-starter-data-jpa\2.7.4\spring-boot-starter-data-jpa-2.7.4.jar;C:\Users\pokem\.m2\repository\org\springframework\boot\spring-boot-starter-aop\2.7.4\spring-boot-starter-aop-2.7.4.jar;C:\Users\pokem\.m2\repository\org\aspectj\aspectjweaver\1.9.7\aspectjweaver-1.9.7.jar;C:\Users\pokem\.m2\repository\org\springframework\boot\spring-boot-starter-jdbc\2.7.4\spring-boot-starter-jdbc-2.7.4.jar;C:\Users\pokem\.m2\repository\com\zaxxer\HikariCP\4.0.3\HikariCP-4.0.3.jar;C:\Users\pokem\.m2\repository\org\springframework\spring-jdbc\5.3.23\spring-jdbc-5.3.23.jar;C:\Users\pokem\.m2\repository\jakarta\transaction\jakarta.transaction-api\1.3.3\jakarta.transaction-api-1.3.3.jar;C:\Users\pokem\.m2\repository\jakarta\persistence\jakarta.persistence-api\2.2.3\jakarta.persistence-api-2.2.3.jar;C:\Users\pokem\.m2\repository\org\hibernate\hibernate-core\5.6.11.Final\hibernate-core-5.6.11.Final.jar;C:\Users\pokem\.m2\repository\antlr\antlr\2.7.7\antlr-2.7.7.jar;C:\Users\pokem\.m2\repository\org\jboss\jandex\2.4.2.Final\jandex-2.4.2.Final.jar;C:\Users\pokem\.m2\repository\org\hibernate\common\hibernate-commons-annotations\5.1.2.Final\hibernate-commons-annotations-5.1.2.Final.jar;C:\Users\pokem\.m2\repository\org\glassfish\jaxb\jaxb-runtime\2.3.6\jaxb-runtime-2.3.6.jar;C:\Users\pokem\.m2\repository\org\glassfish\jaxb\txw2\2.3.6\txw2-2.3.6.jar;C:\Users\pokem\.m2\repository\com\sun\istack\istack-commons-runtime\3.0.12\istack-commons-runtime-3.0.12.jar;C:\Users\pokem\.m2\repository\com\sun\activation\jakarta.activation\1.2.2\jakarta.activation-1.2.2.jar;C:\Users\pokem\.m2\repository\org\springframework\data\spring-data-jpa\2.7.3\spring-data-jpa-2.7.3.jar;C:\Users\pokem\.m2\repository\org\springframework\data\spring-data-commons\2.7.3\spring-data-commons-2.7.3.jar;C:\Users\pokem\.m2\repository\org\springframework\spring-orm\5.3.23\spring-orm-5.3.23.jar;C:\Users\pokem\.m2\repository\org\springframework\spring-tx\5.3.23\spring-tx-5.3.23.jar;C:\Users\pokem\.m2\repository\org\springframework\spring-aspects\5.3.23\spring-aspects-5.3.23.jar;C:\Users\pokem\.m2\repository\com\h2database\h2\2.1.214\h2-2.1.214.jar;C:\Users\pokem\.m2\repository\org\postgresql\postgresql\42.3.7\postgresql-42.3.7.jar;C:\Users\pokem\.m2\repository\org\checkerframework\checker-qual\3.5.0\checker-qual-3.5.0.jar;C:\Users\pokem\.m2\repository\nz\net\ultraq\thymeleaf\thymeleaf-layout-dialect\3.0.0\thymeleaf-layout-dialect-3.0.0.jar;C:\Users\pokem\.m2\repository\org\codehaus\groovy\groovy\3.0.13\groovy-3.0.13.jar;C:\Users\pokem\.m2\repository\nz\net\ultraq\extensions\groovy-extensions\1.1.0\groovy-extensions-1.1.0.jar;C:\Users\pokem\.m2\repository\nz\net\ultraq\thymeleaf\thymeleaf-expression-processor\3.0.0\thymeleaf-expression-processor-3.0.0.jar;C:\Users\pokem\.m2\repository\org\thymeleaf\thymeleaf\3.0.15.RELEASE\thymeleaf-3.0.15.RELEASE.jar;C:\Users\pokem\.m2\repository\ognl\ognl\3.1.26\ognl-3.1.26.jar;C:\Users\pokem\.m2\repository\org\javassist\javassist\3.20.0-GA\javassist-3.20.0-GA.jar;C:\Users\pokem\.m2\repository\org\attoparser\attoparser\2.0.5.RELEASE\attoparser-2.0.5.RELEASE.jar;C:\Users\pokem\.m2\repository\org\unbescape\unbescape\1.1.6.RELEASE\unbescape-1.1.6.RELEASE.jar;C:\Users\pokem\.m2\repository\org\springframework\boot\spring-boot-starter-security\2.7.4\spring-boot-starter-security-2.7.4.jar;C:\Users\pokem\.m2\repository\org\springframework\spring-aop\5.3.23\spring-aop-5.3.23.jar;C:\Users\pokem\.m2\repository\org\springframework\security\spring-security-config\5.7.3\spring-security-config-5.7.3.jar;C:\Users\pokem\.m2\repository\org\springframework\security\spring-security-core\5.7.3\spring-security-core-5.7.3.jar;C:\Users\pokem\.m2\repository\org\springframework\security\spring-security-crypto\5.7.3\spring-security-crypto-5.7.3.jar;C:\Users\pokem\.m2\repository\org\springframework\security\spring-security-web\5.7.3\spring-security-web-5.7.3.jar;C:\Users\pokem\.m2\repository\org\thymeleaf\extras\thymeleaf-extras-springsecurity5\3.0.4.RELEASE\thymeleaf-extras-springsecurity5-3.0.4.RELEASE.jar;C:\Users\pokem\.m2\repository\org\slf4j\slf4j-api\1.7.36\slf4j-api-1.7.36.jar
Launcher Type: SUN_STANDARD

[Global flags]
     intx CICompilerCount                          = 4                                         {product} {ergonomic}
     uint ConcGCThreads                            = 3                                         {product} {ergonomic}
     uint G1ConcRefinementThreads                  = 10                                        {product} {ergonomic}
   size_t G1HeapRegionSize                         = 2097152                                   {product} {ergonomic}
    uintx GCDrainStackTargetSize                   = 64                                        {product} {ergonomic}
   size_t InitialHeapSize                          = 268435456                                 {product} {ergonomic}
     bool ManagementServer                         = true                                      {product} {command line}
   size_t MarkStackSize                            = 4194304                                   {product} {ergonomic}
   size_t MaxHeapSize                              = 4276092928                                {product} {ergonomic}
   size_t MaxNewSize                               = 2564816896                                {product} {ergonomic}
   size_t MinHeapDeltaBytes                        = 2097152                                   {product} {ergonomic}
   size_t MinHeapSize                              = 8388608                                   {product} {ergonomic}
    uintx NonProfiledCodeHeapSize                  = 0                                      {pd product} {ergonomic}
     bool ProfileInterpreter                       = false                                  {pd product} {command line}
    uintx ProfiledCodeHeapSize                     = 0                                      {pd product} {ergonomic}
     bool ShowCodeDetailsInExceptionMessages       = true                                   {manageable} {command line}
   size_t SoftMaxHeapSize                          = 4276092928                             {manageable} {ergonomic}
     intx TieredStopAtLevel                        = 1                                         {product} {command line}
     bool UseCompressedClassPointers               = true                           {product lp64_product} {ergonomic}
     bool UseCompressedOops                        = true                           {product lp64_product} {ergonomic}
     bool UseG1GC                                  = true                                      {product} {ergonomic}
     bool UseLargePagesIndividualAllocation        = false                                  {pd product} {ergonomic}

Logging:
Log output configuration:
 #0: stdout all=warning uptime,level,tags foldmultilines=false
 #1: stderr all=off uptime,level,tags foldmultilines=false

Environment Variables:
JAVA_HOME=C:\Program Files\Java\jdk-18.0.1.1
PATH=C:\Program Files\Common Files\Oracle\Java\javapath;C:\Program Files\Java\jdk-18.0.1.1\bin;C:\Windows\system32;C:\Windows;C:\Windows\System32\Wbem;C:\Windows\System32\WindowsPowerShell\v1.0\;C:\Windows\System32\OpenSSH\;C:\Program Files (x86)\NVIDIA Corporation\PhysX\Common;C:\Program Files\NVIDIA Corporation\NVIDIA NvDLISR;C:\Program Files\Git\cmd;C:\Users\pokem\scoop\shims;C:\Users\pokem\AppData\Local\Microsoft\WindowsApps;C:\Users\pokem\AppData\Local\atom\bin;C:\Users\pokem\AppData\Roaming\Microsoft\Windows\Start Menu\Microsoft VS Code\bin;C:\Program Files\heroku\bin;C:\Program Files\PostgreSQL\14\bin;
USERNAME=pokem
OS=Windows_NT
PROCESSOR_IDENTIFIER=AMD64 Family 25 Model 33 Stepping 0, AuthenticAMD



---------------  S Y S T E M  ---------------

OS:
 Windows 10 , 64 bit Build 19041 (10.0.19041.2251)
OS uptime: 0 days 11:41 hours

CPU: total 12 (initial active 12) (12 cores per cpu, 2 threads per core) family 25 model 33 stepping 0 microcode 0x0, cx8, cmov, fxsr, ht, mmx, 3dnowpref, sse, sse2, sse3, ssse3, sse4a, sse4.1, sse4.2, popcnt, lzcnt, tsc, tscinvbit, avx, avx2, aes, erms, clmul, bmi1, bmi2, adx, sha, fma, vzeroupper, clflush, clflushopt

Memory: 4k page, system-wide physical 16310M (8419M free)
TotalPageFile size 18742M (AvailPageFile size 6226M)
current process WorkingSet (physical memory assigned to process): 300M, peak: 303M
current process commit charge ("private bytes"): 368M, peak: 389M

vm_info: Java HotSpot(TM) 64-Bit Server VM (18.0.1.1+2-6) for windows-amd64 JRE (18.0.1.1+2-6), built on Apr 25 2022 21:53:15 by "mach5one" with MS VC++ 16.8 / 16.9 (VS2019)

END.
